#
# A fatal error has been detected by the Java Runtime Environment:
#
#  EXCEPTION_ACCESS_VIOLATION (0xc0000005) at pc=0x00007fff834535d3, pid=7772, tid=10256
#
# JRE version: OpenJDK Runtime Environment (17.0.9+11) (build 17.0.9+11-LTS)
# Java VM: OpenJDK 64-Bit Server VM (17.0.9+11-LTS, mixed mode, sharing, tiered, compressed oops, compressed class ptrs, g1 gc, windows-amd64)
# Problematic frame:
# V  [jvm.dll+0x3e35d3]
#
# No core dump will be written. Minidumps are not enabled by default on client versions of Windows
#
# If you would like to submit a bug report, please visit:
#   https://bell-sw.com/support
#

---------------  S U M M A R Y ------------

Command Line: -Dfile.encoding=UTF-8 simrskhanza.SIMRSKhanza

Host: Intel(R) Core(TM) i7-3770 CPU @ 3.40GHz, 8 cores, 9G,  Windows 10 , 64 bit Build 19041 (10.0.19041.5915)
Time: Tue Jun 17 21:27:06 2025 SE Asia Standard Time elapsed time: 45.269601 seconds (0d 0h 0m 45s)

---------------  T H R E A D  ---------------

Current thread (0x0000024e7f04a080):  JavaThread "JavaFX Application Thread" [_thread_in_vm, id=10256, stack(0x0000005cc2100000,0x0000005cc2200000)]

Stack: [0x0000005cc2100000,0x0000005cc2200000],  sp=0x0000005cc21fe020,  free space=1016k
Native frames: (J=compiled Java code, j=interpreted, Vv=VM code, C=native code)
V  [jvm.dll+0x3e35d3]
C  0x00007fff7a6db1b0

Java frames: (J=compiled Java code, j=interpreted, Vv=VM code)
j  com.sun.webkit.WebPage.twkCreatePage(Z)J+0
j  com.sun.webkit.WebPage.<init>(Lcom/sun/webkit/WebPageClient;Lcom/sun/webkit/UIClient;Lcom/sun/webkit/PolicyClient;Lcom/sun/webkit/InspectorClient;Lcom/sun/webkit/ThemeClient;Z)V+177
j  javafx.scene.web.WebEngine.<init>(Ljava/lang/String;Z)V+270
j  javafx.scene.web.WebEngine.<init>()V+3
j  javafx.scene.web.WebView.<init>()V+60
j  bridging.INACBGHybrid$3.run()V+4
j  com.sun.javafx.application.PlatformImpl.lambda$runLater$10(Ljava/lang/Runnable;)Ljava/lang/Void;+1
j  com.sun.javafx.application.PlatformImpl$$Lambda$291+0x0000024e01522700.run()Ljava/lang/Object;+4
J 1810 c1 java.security.AccessController.doPrivileged(Ljava/security/PrivilegedAction;Ljava/security/AccessControlContext;)Ljava/lang/Object; java.base@17.0.9 (17 bytes) @ 0x0000024e5eb3835c [0x0000024e5eb38180+0x00000000000001dc]
j  com.sun.javafx.application.PlatformImpl.lambda$runLater$11(Ljava/lang/Runnable;Ljava/security/AccessControlContext;)V+7
j  com.sun.javafx.application.PlatformImpl$$Lambda$290+0x0000024e015222b0.run()V+8
j  com.sun.glass.ui.InvokeLaterDispatcher$Future.run()V+4
v  ~StubRoutines::call_stub
j  com.sun.glass.ui.win.WinApplication._runLoop(Ljava/lang/Runnable;)V+0
j  com.sun.glass.ui.win.WinApplication.lambda$runLoop$3(ILjava/lang/Runnable;)V+8
j  com.sun.glass.ui.win.WinApplication$$Lambda$277+0x0000024e014f7198.run()V+12
j  java.lang.Thread.run()V+11 java.base@17.0.9
v  ~StubRoutines::call_stub

siginfo: EXCEPTION_ACCESS_VIOLATION (0xc0000005), reading address 0x0000000000000000


Registers:
RAX=0x0000000000000000, RBX=0x0000024e7f04a080, RCX=0x1c91324af72c0000, RDX=0x0000024e7f69e618
RSP=0x0000005cc21fe020, RBP=0x0000005cc21fe128, RSI=0x0000000000000000, RDI=0x0000024e7f69e618
R8 =0x0000000000000000, R9 =0x0000005cc21fe128, R10=0x00007fff83453520, R11=0x0000005cc21fe018
R12=0x0000000000000000, R13=0x0000000000000000, R14=0x0000024e7f04a338, R15=0x0000024e7f450020
RIP=0x00007fff834535d3, EFLAGS=0x0000000000010202


Register to memory mapping:

RIP=0x00007fff834535d3 jvm.dll
RAX=0x0 is NULL
RBX=0x0000024e7f04a080 is a thread
RCX=0x1c91324af72c0000 is an unknown value
RDX=0x0000024e7f69e618 is a global jni handle
RSP=0x0000005cc21fe020 is pointing into the stack for thread: 0x0000024e7f04a080
RBP=0x0000005cc21fe128 is pointing into the stack for thread: 0x0000024e7f04a080
RSI=0x0 is NULL
RDI=0x0000024e7f69e618 is a global jni handle
R8 =0x0 is NULL
R9 =0x0000005cc21fe128 is pointing into the stack for thread: 0x0000024e7f04a080
R10=0x00007fff83453520 jvm.dll
R11=0x0000005cc21fe018 is pointing into the stack for thread: 0x0000024e7f04a080
R12=0x0 is NULL
R13=0x0 is NULL
R14=0x0000024e7f04a338 points into unknown readable memory: 0x00007fff83b88660 | 60 86 b8 83 ff 7f 00 00
R15=0x0000024e7f450020 points into unknown readable memory: 0x00007fff7bedb728 | 28 b7 ed 7b ff 7f 00 00


Top of Stack: (sp=0x0000005cc21fe020)
0x0000005cc21fe020:   0000024e7f04a080 0000000000000000
0x0000005cc21fe030:   0000005cc21fe0c0 00007fffd1710e40
0x0000005cc21fe040:   0000000000000000 00007fffd1632690
0x0000005cc21fe050:   0000000000000006 0000024e4236d090
0x0000005cc21fe060:   00001ccdf05529cc 0000005cc21fe0c0
0x0000005cc21fe070:   0000024e7f04a080 0000024e7b570110
0x0000005cc21fe080:   0000000000000431 00007fff839d8900
0x0000005cc21fe090:   0000024e7f04a338 00007fff7bedc500
0x0000005cc21fe0a0:   0000024e7f04a080 00007fff8344bfbb
0x0000005cc21fe0b0:   00007fff7dc2ab38 00007fff7bed5a10
0x0000005cc21fe0c0:   00007fff7de8d238 0000000000000000
0x0000005cc21fe0d0:   0000024e7f04a338 00007fff7a6db1b0
0x0000005cc21fe0e0:   0000024e7c447e98 00007fff7de3d7f0
0x0000005cc21fe0f0:   0000024e4236d090 0000024e4236d090
0x0000005cc21fe100:   0000024e7f04a338 00007fff7bd26725
0x0000005cc21fe110:   0000024e7c447e98 00007fff7de3d7f0
0x0000005cc21fe120:   0000000000000000 0000000000000018
0x0000005cc21fe130:   0000024e7f04a338 0000000000000000
0x0000005cc21fe140:   0000711e2e4f455c 0000000000000000
0x0000005cc21fe150:   0000000000000000 00007fff7a6ff265
0x0000005cc21fe160:   0000024e426b7470 0000000000000000
0x0000005cc21fe170:   0000000000000000 0000000000000000
0x0000005cc21fe180:   0000000000000000 0000024e4236d080
0x0000005cc21fe190:   0000000000000000 00007fff7a70299f
0x0000005cc21fe1a0:   0000000000000000 0000000000000000
0x0000005cc21fe1b0:   0000024e4236d080 0000005cc21fe270
0x0000005cc21fe1c0:   0000005cc21fe260 00007fff7ad19e56
0x0000005cc21fe1d0:   0095343b00000001 00007fff7dea9420
0x0000005cc21fe1e0:   0000024e7c7643c0 00007fff7bee82a0
0x0000005cc21fe1f0:   0000000000000000 0000005cc21fe268
0x0000005cc21fe200:   00007fff7de3d7f0 00007fff7bd43768
0x0000005cc21fe210:   0000000000000001 0000024e42018910 

Instructions: (pc=0x00007fff834535d3)
0x00007fff834534d3:   47 18 48 89 41 18 48 8b 4f 08 48 8b 47 20 48 89
0x00007fff834534e3:   41 20 48 8d 8b 98 02 00 00 e8 8f 87 ee ff 0f 28
0x00007fff834534f3:   c6 90 0f 28 b4 24 b0 00 00 00 c7 83 48 03 00 00
0x00007fff83453503:   04 00 00 00 48 81 c4 c8 00 00 00 41 5e 5f 5e 5b
0x00007fff83453513:   c3 cc cc cc cc cc cc cc cc cc cc cc cc 48 89 5c
0x00007fff83453523:   24 08 48 89 6c 24 10 48 89 74 24 18 57 41 54 41
0x00007fff83453533:   56 48 81 ec a0 00 00 00 8b 81 b8 00 00 00 48 8d
0x00007fff83453543:   99 48 fd ff ff 05 55 21 ff ff 49 8b e9 49 8b f0
0x00007fff83453553:   48 8b fa 4c 8b f1 83 f8 01 76 0a 48 8b cb e8 6a
0x00007fff83453563:   e5 3f 00 33 db c7 83 48 03 00 00 05 00 00 00 e8
0x00007fff83453573:   49 9a 28 00 90 48 8b 83 50 03 00 00 a8 01 74 0a
0x00007fff83453583:   b2 01 48 8b cb e8 73 9b 2f 00 83 bb 3c 03 00 00
0x00007fff83453593:   00 75 0a 8b 83 38 03 00 00 a8 0c 74 0a 33 d2 48
0x00007fff834535a3:   8b cb e8 c6 0d 40 00 c7 83 48 03 00 00 06 00 00
0x00007fff834535b3:   00 48 83 7b 08 00 48 89 5c 24 50 48 c7 44 24 58
0x00007fff834535c3:   00 00 00 00 74 0a 48 8d 4c 24 50 e8 6d 37 2c 00
0x00007fff834535d3:   48 8b 16 48 8d 4c 24 70 c7 44 24 40 04 00 00 00
0x00007fff834535e3:   e8 78 bf 00 00 48 89 ac 24 98 00 00 00 4c 8d 25
0x00007fff834535f3:   91 53 58 00 4c 89 64 24 70 40 f6 c7 01 74 0c 48
0x00007fff83453603:   8d 4f ff ff 15 fc 03 73 00 eb 09 48 8b cf ff 15
0x00007fff83453613:   51 7a 72 00 8b 15 13 34 7a 00 48 8b c8 e8 db 46
0x00007fff83453623:   28 00 48 8b d3 48 8b c8 4c 8b 00 41 ff 90 b0 00
0x00007fff83453633:   00 00 48 83 7b 08 00 75 35 48 8d 44 24 70 48 89
0x00007fff83453643:   5c 24 30 48 89 44 24 28 48 8d 54 24 40 45 33 c9
0x00007fff83453653:   48 89 74 24 20 45 33 c0 49 8b ce e8 1d d3 00 00
0x00007fff83453663:   48 83 7b 08 00 75 07 0f b6 74 24 48 eb 03 40 32
0x00007fff83453673:   f6 48 83 7c 24 58 00 4c 89 64 24 70 48 c7 84 24
0x00007fff83453683:   98 00 00 00 00 00 00 00 74 0a 48 8d 4c 24 50 e8
0x00007fff83453693:   49 37 2c 00 48 8b bb e8 00 00 00 48 8b 47 10 48
0x00007fff834536a3:   83 38 00 74 08 48 8b cf e8 50 9c f6 ff 48 8b 57
0x00007fff834536b3:   08 48 8b 4f 10 48 89 4a 10 48 8b 57 08 48 8b 4f
0x00007fff834536c3:   18 48 89 4a 18 48 8b 4f 20 48 8b 57 08 48 89 4a 


Stack slot to memory mapping:
stack at sp + 0 slots: 0x0000024e7f04a080 is a thread
stack at sp + 1 slots: 0x0 is NULL
stack at sp + 2 slots: 0x0000005cc21fe0c0 is pointing into the stack for thread: 0x0000024e7f04a080
stack at sp + 3 slots: 0x00007fffd1710e40 ucrtbase.dll
stack at sp + 4 slots: 0x0 is NULL
stack at sp + 5 slots: 0x00007fffd1632690 ucrtbase.dll
stack at sp + 6 slots: 0x0000000000000006 is an unknown value
stack at sp + 7 slots: 0x0000024e4236d090 points into unknown readable memory: 0x0000024e4194d540 | 40 d5 94 41 4e 02 00 00


Compiled method (c1)   45608 1810       3       java.security.AccessController::doPrivileged (17 bytes)
 total in heap  [0x0000024e5eb37f90,0x0000024e5eb386c8] = 1848
 relocation     [0x0000024e5eb380e8,0x0000024e5eb38170] = 136
 main code      [0x0000024e5eb38180,0x0000024e5eb384c0] = 832
 stub code      [0x0000024e5eb384c0,0x0000024e5eb38538] = 120
 metadata       [0x0000024e5eb38538,0x0000024e5eb38550] = 24
 scopes data    [0x0000024e5eb38550,0x0000024e5eb38600] = 176
 scopes pcs     [0x0000024e5eb38600,0x0000024e5eb386b0] = 176
 dependencies   [0x0000024e5eb386b0,0x0000024e5eb386b8] = 8
 nul chk table  [0x0000024e5eb386b8,0x0000024e5eb386c8] = 16

[Constant Pool (empty)]

[MachCode]
[Verified Entry Point]
  # {method} {0x0000024e00433e00} 'doPrivileged' '(Ljava/security/PrivilegedAction;Ljava/security/AccessControlContext;)Ljava/lang/Object;' in 'java/security/AccessController'
  # parm0:    rdx:rdx   = 'java/security/PrivilegedAction'
  # parm1:    r8:r8     = 'java/security/AccessControlContext'
  #           [sp+0x80]  (sp of caller)
  0x0000024e5eb38180: 8984 2400 | 90ff ff55 | 4883 ec70 

  0x0000024e5eb3818c: ;   {metadata(method data for {method} {0x0000024e00433e00} 'doPrivileged' '(Ljava/security/PrivilegedAction;Ljava/security/AccessControlContext;)Ljava/lang/Object;' in 'java/security/AccessController')}
  0x0000024e5eb3818c: 48be 782e | 1478 4e02 | 0000 8bbe | cc00 0000 | 83c7 0289 | becc 0000 | 0081 e7fe | 0700 0083 
  0x0000024e5eb381ac: ff00 0f84 | 4402 0000 | 4c89 4424 | 4048 8954 

  0x0000024e5eb381bc: ;   {metadata(method data for {method} {0x0000024e00433e00} 'doPrivileged' '(Ljava/security/PrivilegedAction;Ljava/security/AccessControlContext;)Ljava/lang/Object;' in 'java/security/AccessController')}
  0x0000024e5eb381bc: 2448 48be | 782e 1478 | 4e02 0000 | 4883 8610 | 0100 0001 | 0f1f 8000 

  0x0000024e5eb381d4: ;   {static_call}
  0x0000024e5eb381d4: 0000 00e8 

  0x0000024e5eb381d8: ; ImmutableOopMap {[64]=Oop [72]=Oop }
                      ;*invokestatic getCallerClass {reexecute=0 rethrow=0 return_oop=0}
                      ; - java.security.AccessController::doPrivileged@0 (line 397)
  0x0000024e5eb381d8: e475 7607 

  0x0000024e5eb381dc: ;   {metadata(method data for {method} {0x0000024e00433e00} 'doPrivileged' '(Ljava/security/PrivilegedAction;Ljava/security/AccessControlContext;)Ljava/lang/Object;' in 'java/security/AccessController')}
  0x0000024e5eb381dc: 48ba 782e | 1478 4e02 | 0000 4883 | 8220 0100 | 0001 488b | 5424 404c | 8bc0 4889 | 4424 500f 
  0x0000024e5eb381fc: ;   {static_call}
  0x0000024e5eb381fc: 1f40 00e8 

  0x0000024e5eb38200: ; ImmutableOopMap {[72]=Oop [80]=Oop }
                      ;*invokestatic checkContext {reexecute=0 rethrow=0 return_oop=0}
                      ; - java.security.AccessController::doPrivileged@6 (line 398)
  0x0000024e5eb38200: 7cfd a207 | 4889 4424 

  0x0000024e5eb38208: ;   {metadata(method data for {method} {0x0000024e00433e00} 'doPrivileged' '(Ljava/security/PrivilegedAction;Ljava/security/AccessControlContext;)Ljava/lang/Object;' in 'java/security/AccessController')}
  0x0000024e5eb38208: 5848 ba78 | 2e14 784e | 0200 0048 | 8382 3001 

  0x0000024e5eb38218: ;   {metadata(method data for {method} {0x0000024e00433320} 'executePrivileged' '(Ljava/security/PrivilegedAction;Ljava/security/AccessControlContext;Ljava/lang/Class;)Ljava/lang/Object;' in 'java/security/AccessController')}
  0x0000024e5eb38218: 0000 0148 | bac0 3c10 | 774e 0200 | 008b b2cc | 0000 0083 | c602 89b2 | cc00 0000 | 81e6 feff 
  0x0000024e5eb38238: 1f00 83fe | 000f 84d6 | 0100 0048 

  0x0000024e5eb38244: ;   {metadata(method data for {method} {0x0000024e00433320} 'executePrivileged' '(Ljava/security/PrivilegedAction;Ljava/security/AccessControlContext;Ljava/lang/Class;)Ljava/lang/Object;' in 'java/security/AccessController')}
  0x0000024e5eb38244: 83f8 0048 | bac0 3c10 | 774e 0200 | 0048 be10 | 0100 0000 | 0000 000f | 840a 0000 | 0048 be20 
  0x0000024e5eb38264: 0100 0000 | 0000 0048 | 8b3c 3248 | 8d7f 0148 | 893c 320f | 841f 0000 

  0x0000024e5eb3827c: ;   {metadata(method data for {method} {0x0000024e00433320} 'executePrivileged' '(Ljava/security/PrivilegedAction;Ljava/security/AccessControlContext;Ljava/lang/Class;)Ljava/lang/Object;' in 'java/security/AccessController')}
  0x0000024e5eb3827c: 0048 bac0 | 3c10 774e | 0200 0048 | 8382 3001 | 0000 0148 | 8bd0 0f1f 

  0x0000024e5eb38294: ;   {static_call}
  0x0000024e5eb38294: 4400 00e8 

  0x0000024e5eb38298: ; ImmutableOopMap {[72]=Oop [80]=Oop [88]=Oop }
                      ;*invokestatic ensureMaterializedForStackWalk {reexecute=0 rethrow=0 return_oop=0}
                      ; - java.security.AccessController::executePrivileged@5 (line 772)
                      ; - java.security.AccessController::doPrivileged@13 (line 399)
  0x0000024e5eb38298: a47e 8007 

  0x0000024e5eb3829c: ;   {metadata(method data for {method} {0x0000024e00433320} 'executePrivileged' '(Ljava/security/PrivilegedAction;Ljava/security/AccessControlContext;Ljava/lang/Class;)Ljava/lang/Object;' in 'java/security/AccessController')}
  0x0000024e5eb3829c: 48ba c03c | 1077 4e02 | 0000 ff82 | 4001 0000 | 488b 5424 | 4848 3b02 

  0x0000024e5eb382b4: ;   {metadata(method data for {method} {0x0000024e00433320} 'executePrivileged' '(Ljava/security/PrivilegedAction;Ljava/security/AccessControlContext;Ljava/lang/Class;)Ljava/lang/Object;' in 'java/security/AccessController')}
  0x0000024e5eb382b4: 488b f248 | bfc0 3c10 | 774e 0200 | 008b 7608 | 49ba 0000 | 0000 4e02 | 0000 4903 | f248 3bb7 
  0x0000024e5eb382d4: b001 0000 | 750d 4883 | 87b8 0100 | 0001 e966 | 0000 0048 | 3bb7 c001 | 0000 750d | 4883 87c8 
  0x0000024e5eb382f4: 0100 0001 | e950 0000 | 0048 81bf | b001 0000 | 0000 0000 | 7517 4889 | b7b0 0100 | 0048 c787 
  0x0000024e5eb38314: b801 0000 | 0100 0000 | e92c 0000 | 0048 81bf | c001 0000 | 0000 0000 | 7517 4889 | b7c0 0100 
  0x0000024e5eb38334: 0048 c787 | c801 0000 | 0100 0000 | e908 0000 | 0048 8387 | a001 0000 | 0148 b840 | a476 7c4e 
  0x0000024e5eb38354: ;   {virtual_call}
  0x0000024e5eb38354: 0200 00e8 

  0x0000024e5eb38358: ; ImmutableOopMap {[80]=Oop [88]=Oop }
                      ;*invokeinterface run {reexecute=0 rethrow=0 return_oop=0}
                      ; - java.security.AccessController::executePrivileged@29 (line 776)
                      ; - java.security.AccessController::doPrivileged@13 (line 399)
  0x0000024e5eb38358: c45e 2b07 

  0x0000024e5eb3835c: ;   {metadata(method data for {method} {0x0000024e00433320} 'executePrivileged' '(Ljava/security/PrivilegedAction;Ljava/security/AccessControlContext;Ljava/lang/Class;)Ljava/lang/Object;' in 'java/security/AccessController')}
  0x0000024e5eb3835c: 48be c03c | 1077 4e02 | 0000 ff86 | d801 0000 | 488b 7424 

  0x0000024e5eb38370: ;   {metadata(method data for {method} {0x0000024e00433320} 'executePrivileged' '(Ljava/security/PrivilegedAction;Ljava/security/AccessControlContext;Ljava/lang/Class;)Ljava/lang/Object;' in 'java/security/AccessController')}
  0x0000024e5eb38370: 5048 bfc0 | 3c10 774e | 0200 0048 | 8387 3802 

  0x0000024e5eb38380: ;   {metadata(method data for {method} {0x0000024e003db780} 'reachabilityFence' '(Ljava/lang/Object;)V' in 'java/lang/ref/Reference')}
  0x0000024e5eb38380: 0000 0148 | bfb8 2103 | 774e 0200 | 008b 9fcc | 0000 0083 | c302 899f | cc00 0000 | 81e3 feff 
  0x0000024e5eb383a0: 1f00 83fb | 000f 8494 

  0x0000024e5eb383a8: ;   {metadata(method data for {method} {0x0000024e00433320} 'executePrivileged' '(Ljava/security/PrivilegedAction;Ljava/security/AccessControlContext;Ljava/lang/Class;)Ljava/lang/Object;' in 'java/security/AccessController')}
  0x0000024e5eb383a8: 0000 0048 | bec0 3c10 | 774e 0200 | 0048 8386 | 4802 0000 

  0x0000024e5eb383bc: ;   {metadata(method data for {method} {0x0000024e003db780} 'reachabilityFence' '(Ljava/lang/Object;)V' in 'java/lang/ref/Reference')}
  0x0000024e5eb383bc: 0148 beb8 | 2103 774e | 0200 008b | becc 0000 | 0083 c702 | 89be cc00 | 0000 81e7 | feff 1f00 
  0x0000024e5eb383dc: 83ff 000f | 847b 0000 | 0048 83c4 

  0x0000024e5eb383e8: ;   {poll_return}
  0x0000024e5eb383e8: 705d 493b | a750 0300 | 000f 878a | 0000 00c3 

  0x0000024e5eb383f8: ;   {metadata({method} {0x0000024e00433e00} 'doPrivileged' '(Ljava/security/PrivilegedAction;Ljava/security/AccessControlContext;)Ljava/lang/Object;' in 'java/security/AccessController')}
  0x0000024e5eb383f8: 49ba f83d | 4300 4e02 | 0000 4c89 | 5424 0848 | c704 24ff 

  0x0000024e5eb3840c: ;   {runtime_call counter_overflow Runtime1 stub}
  0x0000024e5eb3840c: ffff ffe8 

  0x0000024e5eb38410: ; ImmutableOopMap {rdx=Oop r8=Oop }
                      ;*synchronization entry
                      ; - java.security.AccessController::doPrivileged@-1 (line 397)
  0x0000024e5eb38410: 6c16 2b07 | e99b fdff 

  0x0000024e5eb38418: ;   {metadata({method} {0x0000024e00433320} 'executePrivileged' '(Ljava/security/PrivilegedAction;Ljava/security/AccessControlContext;Ljava/lang/Class;)Ljava/lang/Object;' in 'java/security/AccessController')}
  0x0000024e5eb38418: ff49 ba18 | 3343 004e | 0200 004c | 8954 2408 | 48c7 0424 | ffff ffff 

  0x0000024e5eb38430: ;   {runtime_call counter_overflow Runtime1 stub}
  0x0000024e5eb38430: e84b 162b 

  0x0000024e5eb38434: ; ImmutableOopMap {[72]=Oop [80]=Oop rax=Oop [88]=Oop }
                      ;*synchronization entry
                      ; - java.security.AccessController::executePrivileged@-1 (line 771)
                      ; - java.security.AccessController::doPrivileged@13 (line 399)
  0x0000024e5eb38434: 07e9 09fe 

  0x0000024e5eb38438: ;   {runtime_call throw_null_pointer_exception Runtime1 stub}
  0x0000024e5eb38438: ffff e861 

  0x0000024e5eb3843c: ; ImmutableOopMap {[80]=Oop rdx=Oop [88]=Oop }
                      ;*invokeinterface run {reexecute=0 rethrow=0 return_oop=0}
                      ; - java.security.AccessController::executePrivileged@29 (line 776)
                      ; - java.security.AccessController::doPrivileged@13 (line 399)
                      ;   {metadata({method} {0x0000024e003db780} 'reachabilityFence' '(Ljava/lang/Object;)V' in 'java/lang/ref/Reference')}
  0x0000024e5eb3843c: bf2a 0749 | ba78 b73d | 004e 0200 | 004c 8954 | 2408 48c7 | 0424 ffff 

  0x0000024e5eb38454: ;   {runtime_call counter_overflow Runtime1 stub}
  0x0000024e5eb38454: ffff e825 

  0x0000024e5eb38458: ; ImmutableOopMap {rax=Oop rsi=Oop }
                      ;*synchronization entry
                      ; - java.lang.ref.Reference::reachabilityFence@-1 (line 621)
                      ; - java.security.AccessController::executePrivileged@56 (line 781)
                      ; - java.security.AccessController::doPrivileged@13 (line 399)
  0x0000024e5eb38458: 162b 07e9 | 4bff ffff 

  0x0000024e5eb38460: ;   {metadata({method} {0x0000024e003db780} 'reachabilityFence' '(Ljava/lang/Object;)V' in 'java/lang/ref/Reference')}
  0x0000024e5eb38460: 49ba 78b7 | 3d00 4e02 | 0000 4c89 | 5424 0848 | c704 24ff 

  0x0000024e5eb38474: ;   {runtime_call counter_overflow Runtime1 stub}
  0x0000024e5eb38474: ffff ffe8 

  0x0000024e5eb38478: ; ImmutableOopMap {rax=Oop }
                      ;*synchronization entry
                      ; - java.lang.ref.Reference::reachabilityFence@-1 (line 621)
                      ; - java.security.AccessController::executePrivileged@60 (line 782)
                      ; - java.security.AccessController::doPrivileged@13 (line 399)
  0x0000024e5eb38478: 0416 2b07 | e964 ffff 

  0x0000024e5eb38480: ;   {internal_word}
  0x0000024e5eb38480: ff49 baea | 83b3 5e4e | 0200 004d | 8997 6803 

  0x0000024e5eb38490: ;   {runtime_call SafepointBlob}
  0x0000024e5eb38490: 0000 e969 | f520 0790 | 9049 8b87 | e003 0000 | 49c7 87e0 | 0300 0000 | 0000 0049 | c787 e803 
  0x0000024e5eb384b0: 0000 0000 | 0000 4883 

  0x0000024e5eb384b8: ;   {runtime_call unwind_exception Runtime1 stub}
  0x0000024e5eb384b8: c470 5de9 | c0a9 2a07 
[Stub Code]
  0x0000024e5eb384c0: ;   {no_reloc}
  0x0000024e5eb384c0: 0f1f 4400 

  0x0000024e5eb384c4: ;   {static_stub}
  0x0000024e5eb384c4: 0048 bb00 | 0000 0000 

  0x0000024e5eb384cc: ;   {runtime_call}
  0x0000024e5eb384cc: 0000 00e9 | fbff ffff 

  0x0000024e5eb384d4: ;   {static_stub}
  0x0000024e5eb384d4: 9048 bb00 | 0000 0000 

  0x0000024e5eb384dc: ;   {runtime_call}
  0x0000024e5eb384dc: 0000 00e9 | fbff ffff 

  0x0000024e5eb384e4: ;   {static_stub}
  0x0000024e5eb384e4: 9048 bb00 | 0000 0000 

  0x0000024e5eb384ec: ;   {runtime_call}
  0x0000024e5eb384ec: 0000 00e9 | fbff ffff 

  0x0000024e5eb384f4: ;   {static_stub}
  0x0000024e5eb384f4: 9048 bb00 | 0000 0000 

  0x0000024e5eb384fc: ;   {runtime_call}
  0x0000024e5eb384fc: 0000 00e9 | fbff ffff 
[Exception Handler]
  0x0000024e5eb38504: ;   {runtime_call handle_exception_from_callee Runtime1 stub}
  0x0000024e5eb38504: e877 e22a 

  0x0000024e5eb38508: ;   {external_word}
  0x0000024e5eb38508: 0748 b9d0 | 7899 83ff | 7f00 0048 

  0x0000024e5eb38514: ;   {runtime_call}
  0x0000024e5eb38514: 83e4 f049 | ba40 2262 | 83ff 7f00 | 0041 ffd2 

  0x0000024e5eb38524: ;   {section_word}
  0x0000024e5eb38524: f449 ba25 | 85b3 5e4e | 0200 0041 

  0x0000024e5eb38530: ;   {runtime_call DeoptimizationBlob}
  0x0000024e5eb38530: 52e9 6ae7 | 2007 f4f4 
[/MachCode]


---------------  P R O C E S S  ---------------

Threads class SMR info:
_java_thread_list=0x0000024e7b985990, length=23, elements={
0x0000024e76317530, 0x0000024e763182c0, 0x0000024e7632c950, 0x0000024e7632e430,
0x0000024e76332d20, 0x0000024e76356b00, 0x0000024e76357700, 0x0000024e76360020,
0x0000024e76363950, 0x0000024e766cca50, 0x0000024e766d9040, 0x0000024e7be0d430,
0x0000024e7be0db20, 0x0000024e7688e3d0, 0x0000024e7bfcb030, 0x0000024e7babebc0,
0x0000024e7b831060, 0x0000024e7b831a80, 0x0000024e7b832ec0, 0x0000024e7f04b9d0,
0x0000024e7f04afb0, 0x0000024e7f04a080, 0x0000024e7f04b4c0
}

Java Threads: ( => current thread )
  0x0000024e76317530 JavaThread "Reference Handler" daemon [_thread_blocked, id=9896, stack(0x0000005cbf700000,0x0000005cbf800000)]
  0x0000024e763182c0 JavaThread "Finalizer" daemon [_thread_blocked, id=2332, stack(0x0000005cbf800000,0x0000005cbf900000)]
  0x0000024e7632c950 JavaThread "Signal Dispatcher" daemon [_thread_blocked, id=11252, stack(0x0000005cbf900000,0x0000005cbfa00000)]
  0x0000024e7632e430 JavaThread "Attach Listener" daemon [_thread_blocked, id=9144, stack(0x0000005cbfa00000,0x0000005cbfb00000)]
  0x0000024e76332d20 JavaThread "Service Thread" daemon [_thread_blocked, id=8224, stack(0x0000005cbfb00000,0x0000005cbfc00000)]
  0x0000024e76356b00 JavaThread "Monitor Deflation Thread" daemon [_thread_blocked, id=9576, stack(0x0000005cbfc00000,0x0000005cbfd00000)]
  0x0000024e76357700 JavaThread "C2 CompilerThread0" daemon [_thread_blocked, id=2900, stack(0x0000005cbfd00000,0x0000005cbfe00000)]
  0x0000024e76360020 JavaThread "C1 CompilerThread0" daemon [_thread_blocked, id=6952, stack(0x0000005cbfe00000,0x0000005cbff00000)]
  0x0000024e76363950 JavaThread "Sweeper thread" daemon [_thread_blocked, id=2516, stack(0x0000005cbff00000,0x0000005cc0000000)]
  0x0000024e766cca50 JavaThread "Notification Thread" daemon [_thread_blocked, id=3108, stack(0x0000005cc0000000,0x0000005cc0100000)]
  0x0000024e766d9040 JavaThread "Common-Cleaner" daemon [_thread_blocked, id=9172, stack(0x0000005cc0200000,0x0000005cc0300000)]
  0x0000024e7be0d430 JavaThread "Java2D Disposer" daemon [_thread_blocked, id=7016, stack(0x0000005cc0400000,0x0000005cc0500000)]
  0x0000024e7be0db20 JavaThread "AWT-Shutdown" [_thread_blocked, id=11260, stack(0x0000005cc0500000,0x0000005cc0600000)]
  0x0000024e7688e3d0 JavaThread "AWT-Windows" daemon [_thread_in_native, id=1344, stack(0x0000005cc0600000,0x0000005cc0700000)]
  0x0000024e7bfcb030 JavaThread "AWT-EventQueue-0" [_thread_blocked, id=1452, stack(0x0000005cc0c00000,0x0000005cc0d00000)]
  0x0000024e7babebc0 JavaThread "Swing-Shell" daemon [_thread_blocked, id=2560, stack(0x0000005cc0d00000,0x0000005cc0e00000)]
  0x0000024e7b831060 JavaThread "DestroyJavaVM" [_thread_blocked, id=2656, stack(0x0000005cbf000000,0x0000005cbf100000)]
  0x0000024e7b831a80 JavaThread "Abandoned connection cleanup thread" daemon [_thread_blocked, id=10276, stack(0x0000005cc1400000,0x0000005cc1500000)]
  0x0000024e7b832ec0 JavaThread "TimerQueue" daemon [_thread_blocked, id=4316, stack(0x0000005cc1200000,0x0000005cc1300000)]
  0x0000024e7f04b9d0 JavaThread "QuantumRenderer-0" daemon [_thread_blocked, id=9888, stack(0x0000005cc1e00000,0x0000005cc1f00000)]
  0x0000024e7f04afb0 JavaThread "InvokeLaterDispatcher" daemon [_thread_blocked, id=8432, stack(0x0000005cc2000000,0x0000005cc2100000)]
=>0x0000024e7f04a080 JavaThread "JavaFX Application Thread" [_thread_in_vm, id=10256, stack(0x0000005cc2100000,0x0000005cc2200000)]
  0x0000024e7f04b4c0 JavaThread "Thread-2" daemon [_thread_in_native, id=7712, stack(0x0000005cc1d00000,0x0000005cc1e00000)]

Other Threads:
  0x0000024e76314210 VMThread "VM Thread" [stack: 0x0000005cbf600000,0x0000005cbf700000] [id=9504]
  0x0000024e766cfb70 WatcherThread [stack: 0x0000005cc0100000,0x0000005cc0200000] [id=2172]
  0x0000024e56d00d80 GCTaskThread "GC Thread#0" [stack: 0x0000005cbf100000,0x0000005cbf200000] [id=9956]
  0x0000024e7b76b8d0 GCTaskThread "GC Thread#1" [stack: 0x0000005cc0700000,0x0000005cc0800000] [id=10792]
  0x0000024e7b76bb90 GCTaskThread "GC Thread#2" [stack: 0x0000005cc0800000,0x0000005cc0900000] [id=3684]
  0x0000024e7bb1e7d0 GCTaskThread "GC Thread#3" [stack: 0x0000005cc0900000,0x0000005cc0a00000] [id=7992]
  0x0000024e7bef3bc0 GCTaskThread "GC Thread#4" [stack: 0x0000005cc0a00000,0x0000005cc0b00000] [id=9612]
  0x0000024e7c2b82f0 GCTaskThread "GC Thread#5" [stack: 0x0000005cc1600000,0x0000005cc1700000] [id=11016]
  0x0000024e7c2b6cf0 GCTaskThread "GC Thread#6" [stack: 0x0000005cc1700000,0x0000005cc1800000] [id=1272]
  0x0000024e7c687c30 GCTaskThread "GC Thread#7" [stack: 0x0000005cc1800000,0x0000005cc1900000] [id=9940]
  0x0000024e56d0ba20 ConcurrentGCThread "G1 Main Marker" [stack: 0x0000005cbf200000,0x0000005cbf300000] [id=6384]
  0x0000024e56d0c350 ConcurrentGCThread "G1 Conc#0" [stack: 0x0000005cbf300000,0x0000005cbf400000] [id=7320]
  0x0000024e7c6894f0 ConcurrentGCThread "G1 Conc#1" [stack: 0x0000005cc1300000,0x0000005cc1400000] [id=4572]
  0x0000024e761d00a0 ConcurrentGCThread "G1 Refine#0" [stack: 0x0000005cbf400000,0x0000005cbf500000] [id=10116]
  0x0000024e7c338510 ConcurrentGCThread "G1 Refine#1" [stack: 0x0000005cc0b00000,0x0000005cc0c00000] [id=9752]
  0x0000024e7c338800 ConcurrentGCThread "G1 Refine#2" [stack: 0x0000005cc1a00000,0x0000005cc1b00000] [id=1824]
  0x0000024e7b9620b0 ConcurrentGCThread "G1 Refine#3" [stack: 0x0000005cc1b00000,0x0000005cc1c00000] [id=7152]
  0x0000024e7b9617e0 ConcurrentGCThread "G1 Refine#4" [stack: 0x0000005cc1c00000,0x0000005cc1d00000] [id=1288]
  0x0000024e761d09e0 ConcurrentGCThread "G1 Service" [stack: 0x0000005cbf500000,0x0000005cbf600000] [id=1372]

Threads with active compile tasks:

VM state: not at safepoint (normal execution)

VM Mutex/Monitor currently owned by a thread: None

Heap address: 0x0000000761c00000, size: 2532 MB, Compressed Oops mode: Zero based, Oop shift amount: 3

CDS archive(s) mapped at: [0x0000024e00000000-0x0000024e00ba0000-0x0000024e00ba0000), size 12189696, SharedBaseAddress: 0x0000024e00000000, ArchiveRelocationMode: 1.
Compressed class space mapped at: 0x0000024e01000000-0x0000024e41000000, reserved size: 1073741824
Narrow klass base: 0x0000024e00000000, Narrow klass shift: 0, Narrow klass range: 0x100000000

GC Precious Log:
 CPUs: 8 total, 8 available
 Memory: 10123M
 Large Page Support: Disabled
 NUMA Support: Disabled
 Compressed Oops: Enabled (Zero based)
 Heap Region Size: 2M
 Heap Min Capacity: 8M
 Heap Initial Capacity: 160M
 Heap Max Capacity: 2532M
 Pre-touch: Disabled
 Parallel Workers: 8
 Concurrent Workers: 2
 Concurrent Refinement Workers: 8
 Periodic GC: Disabled

Heap:
 garbage-first heap   total 172032K, used 99632K [0x0000000761c00000, 0x0000000800000000)
  region size 2048K, 7 young (14336K), 1 survivors (2048K)
 Metaspace       used 44191K, committed 44480K, reserved 1114112K
  class space    used 6152K, committed 6272K, reserved 1048576K

Heap Regions: E=young(eden), S=young(survivor), O=old, HS=humongous(starts), HC=humongous(continues), CS=collection set, F=free, OA=open archive, CA=closed archive, TAMS=top-at-mark-start (previous, next)
|   0|0x0000000761c00000, 0x0000000761e00000, 0x0000000761e00000|100%|HS|  |TAMS 0x0000000761e00000, 0x0000000761c00000| Complete 
|   1|0x0000000761e00000, 0x0000000762000000, 0x0000000762000000|100%| O|  |TAMS 0x0000000762000000, 0x0000000761e00000| Untracked 
|   2|0x0000000762000000, 0x0000000762200000, 0x0000000762200000|100%| O|  |TAMS 0x0000000762200000, 0x0000000762000000| Untracked 
|   3|0x0000000762200000, 0x0000000762400000, 0x0000000762400000|100%| O|  |TAMS 0x0000000762400000, 0x0000000762200000| Untracked 
|   4|0x0000000762400000, 0x0000000762600000, 0x0000000762600000|100%| O|  |TAMS 0x0000000762600000, 0x0000000762400000| Untracked 
|   5|0x0000000762600000, 0x0000000762800000, 0x0000000762800000|100%| O|  |TAMS 0x0000000762800000, 0x0000000762600000| Untracked 
|   6|0x0000000762800000, 0x0000000762a00000, 0x0000000762a00000|100%| O|  |TAMS 0x0000000762a00000, 0x0000000762800000| Untracked 
|   7|0x0000000762a00000, 0x0000000762c00000, 0x0000000762c00000|100%| O|  |TAMS 0x0000000762c00000, 0x0000000762a00000| Untracked 
|   8|0x0000000762c00000, 0x0000000762e00000, 0x0000000762e00000|100%| O|  |TAMS 0x0000000762e00000, 0x0000000762c00000| Untracked 
|   9|0x0000000762e00000, 0x0000000763000000, 0x0000000763000000|100%| O|  |TAMS 0x0000000763000000, 0x0000000762e00000| Untracked 
|  10|0x0000000763000000, 0x0000000763200000, 0x0000000763200000|100%| O|  |TAMS 0x0000000763200000, 0x0000000763000000| Untracked 
|  11|0x0000000763200000, 0x0000000763400000, 0x0000000763400000|100%| O|  |TAMS 0x0000000763400000, 0x0000000763200000| Untracked 
|  12|0x0000000763400000, 0x0000000763600000, 0x0000000763600000|100%| O|  |TAMS 0x0000000763600000, 0x0000000763400000| Untracked 
|  13|0x0000000763600000, 0x0000000763800000, 0x0000000763800000|100%| O|  |TAMS 0x0000000763800000, 0x0000000763600000| Untracked 
|  14|0x0000000763800000, 0x0000000763a00000, 0x0000000763a00000|100%| O|  |TAMS 0x0000000763a00000, 0x0000000763800000| Untracked 
|  15|0x0000000763a00000, 0x0000000763c00000, 0x0000000763c00000|100%| O|  |TAMS 0x0000000763c00000, 0x0000000763a00000| Untracked 
|  16|0x0000000763c00000, 0x0000000763e00000, 0x0000000763e00000|100%| O|  |TAMS 0x0000000763e00000, 0x0000000763c00000| Untracked 
|  17|0x0000000763e00000, 0x0000000764000000, 0x0000000764000000|100%| O|  |TAMS 0x0000000764000000, 0x0000000763e00000| Untracked 
|  18|0x0000000764000000, 0x0000000764200000, 0x0000000764200000|100%| O|  |TAMS 0x0000000764200000, 0x0000000764000000| Untracked 
|  19|0x0000000764200000, 0x0000000764400000, 0x0000000764400000|100%| O|  |TAMS 0x0000000764400000, 0x0000000764200000| Untracked 
|  20|0x0000000764400000, 0x0000000764600000, 0x0000000764600000|100%| O|  |TAMS 0x0000000764600000, 0x0000000764400000| Untracked 
|  21|0x0000000764600000, 0x0000000764800000, 0x0000000764800000|100%| O|  |TAMS 0x0000000764800000, 0x0000000764600000| Untracked 
|  22|0x0000000764800000, 0x0000000764a00000, 0x0000000764a00000|100%| O|  |TAMS 0x0000000764a00000, 0x0000000764800000| Untracked 
|  23|0x0000000764a00000, 0x0000000764c00000, 0x0000000764c00000|100%| O|  |TAMS 0x0000000764c00000, 0x0000000764a00000| Untracked 
|  24|0x0000000764c00000, 0x0000000764e00000, 0x0000000764e00000|100%| O|  |TAMS 0x0000000764e00000, 0x0000000764c00000| Untracked 
|  25|0x0000000764e00000, 0x0000000765000000, 0x0000000765000000|100%| O|  |TAMS 0x0000000765000000, 0x0000000764e00000| Untracked 
|  26|0x0000000765000000, 0x0000000765200000, 0x0000000765200000|100%| O|  |TAMS 0x0000000765200000, 0x0000000765000000| Untracked 
|  27|0x0000000765200000, 0x0000000765400000, 0x0000000765400000|100%|HS|  |TAMS 0x0000000765400000, 0x0000000765200000| Complete 
|  28|0x0000000765400000, 0x0000000765600000, 0x0000000765600000|100%|HC|  |TAMS 0x0000000765600000, 0x0000000765400000| Complete 
|  29|0x0000000765600000, 0x0000000765800000, 0x0000000765800000|100%|HC|  |TAMS 0x0000000765800000, 0x0000000765600000| Complete 
|  30|0x0000000765800000, 0x0000000765a00000, 0x0000000765a00000|100%|HC|  |TAMS 0x0000000765a00000, 0x0000000765800000| Complete 
|  31|0x0000000765a00000, 0x0000000765c00000, 0x0000000765c00000|100%|HC|  |TAMS 0x0000000765c00000, 0x0000000765a00000| Complete 
|  32|0x0000000765c00000, 0x0000000765e00000, 0x0000000765e00000|100%| O|  |TAMS 0x0000000765e00000, 0x0000000765c00000| Untracked 
|  33|0x0000000765e00000, 0x0000000766000000, 0x0000000766000000|100%| O|  |TAMS 0x0000000766000000, 0x0000000765e00000| Untracked 
|  34|0x0000000766000000, 0x0000000766200000, 0x0000000766200000|100%| O|  |TAMS 0x0000000766200000, 0x0000000766000000| Untracked 
|  35|0x0000000766200000, 0x0000000766400000, 0x0000000766400000|100%| O|  |TAMS 0x0000000766400000, 0x0000000766200000| Untracked 
|  36|0x0000000766400000, 0x0000000766600000, 0x0000000766600000|100%| O|  |TAMS 0x000000076654b400, 0x0000000766400000| Untracked 
|  37|0x0000000766600000, 0x0000000766800000, 0x0000000766800000|100%| O|  |TAMS 0x0000000766600000, 0x0000000766600000| Untracked 
|  38|0x0000000766800000, 0x0000000766a00000, 0x0000000766a00000|100%| O|  |TAMS 0x0000000766800000, 0x0000000766800000| Untracked 
|  39|0x0000000766a00000, 0x0000000766c00000, 0x0000000766c00000|100%| O|  |TAMS 0x0000000766a00000, 0x0000000766a00000| Untracked 
|  40|0x0000000766c00000, 0x0000000766dd4400, 0x0000000766e00000| 91%| O|  |TAMS 0x0000000766c00000, 0x0000000766c00000| Untracked 
|  41|0x0000000766e00000, 0x0000000767000000, 0x0000000767000000|100%|HS|  |TAMS 0x0000000766e00000, 0x0000000766e00000| Complete 
|  42|0x0000000767000000, 0x0000000767200000, 0x0000000767200000|100%|HC|  |TAMS 0x0000000767000000, 0x0000000767000000| Complete 
|  43|0x0000000767200000, 0x0000000767200000, 0x0000000767400000|  0%| F|  |TAMS 0x0000000767200000, 0x0000000767200000| Untracked 
|  44|0x0000000767400000, 0x0000000767400000, 0x0000000767600000|  0%| F|  |TAMS 0x0000000767400000, 0x0000000767400000| Untracked 
|  45|0x0000000767600000, 0x0000000767600000, 0x0000000767800000|  0%| F|  |TAMS 0x0000000767600000, 0x0000000767600000| Untracked 
|  46|0x0000000767800000, 0x0000000767800000, 0x0000000767a00000|  0%| F|  |TAMS 0x0000000767800000, 0x0000000767800000| Untracked 
|  47|0x0000000767a00000, 0x0000000767a00000, 0x0000000767c00000|  0%| F|  |TAMS 0x0000000767a00000, 0x0000000767a00000| Untracked 
|  48|0x0000000767c00000, 0x0000000767c00000, 0x0000000767e00000|  0%| F|  |TAMS 0x0000000767c00000, 0x0000000767c00000| Untracked 
|  49|0x0000000767e00000, 0x0000000767e00000, 0x0000000768000000|  0%| F|  |TAMS 0x0000000767e00000, 0x0000000767e00000| Untracked 
|  50|0x0000000768000000, 0x0000000768000000, 0x0000000768200000|  0%| F|  |TAMS 0x0000000768000000, 0x0000000768000000| Untracked 
|  51|0x0000000768200000, 0x0000000768200000, 0x0000000768400000|  0%| F|  |TAMS 0x0000000768200000, 0x0000000768200000| Untracked 
|  52|0x0000000768400000, 0x0000000768400000, 0x0000000768600000|  0%| F|  |TAMS 0x0000000768400000, 0x0000000768400000| Untracked 
|  53|0x0000000768600000, 0x0000000768600000, 0x0000000768800000|  0%| F|  |TAMS 0x0000000768600000, 0x0000000768600000| Untracked 
|  54|0x0000000768800000, 0x0000000768800000, 0x0000000768a00000|  0%| F|  |TAMS 0x0000000768800000, 0x0000000768800000| Untracked 
|  55|0x0000000768a00000, 0x0000000768a00000, 0x0000000768c00000|  0%| F|  |TAMS 0x0000000768a00000, 0x0000000768a00000| Untracked 
|  56|0x0000000768c00000, 0x0000000768c00000, 0x0000000768e00000|  0%| F|  |TAMS 0x0000000768c00000, 0x0000000768c00000| Untracked 
|  57|0x0000000768e00000, 0x0000000768e00000, 0x0000000769000000|  0%| F|  |TAMS 0x0000000768e00000, 0x0000000768e00000| Untracked 
|  58|0x0000000769000000, 0x0000000769000000, 0x0000000769200000|  0%| F|  |TAMS 0x0000000769000000, 0x0000000769000000| Untracked 
|  59|0x0000000769200000, 0x0000000769200000, 0x0000000769400000|  0%| F|  |TAMS 0x0000000769200000, 0x0000000769200000| Untracked 
|  60|0x0000000769400000, 0x0000000769400000, 0x0000000769600000|  0%| F|  |TAMS 0x0000000769400000, 0x0000000769400000| Untracked 
|  61|0x0000000769600000, 0x0000000769600000, 0x0000000769800000|  0%| F|  |TAMS 0x0000000769600000, 0x0000000769600000| Untracked 
|  62|0x0000000769800000, 0x0000000769800000, 0x0000000769a00000|  0%| F|  |TAMS 0x0000000769800000, 0x0000000769800000| Untracked 
|  63|0x0000000769a00000, 0x0000000769a00000, 0x0000000769c00000|  0%| F|  |TAMS 0x0000000769a00000, 0x0000000769a00000| Untracked 
|  64|0x0000000769c00000, 0x0000000769c00000, 0x0000000769e00000|  0%| F|  |TAMS 0x0000000769c00000, 0x0000000769c00000| Untracked 
|  65|0x0000000769e00000, 0x0000000769e00000, 0x000000076a000000|  0%| F|  |TAMS 0x0000000769e00000, 0x0000000769e00000| Untracked 
|  66|0x000000076a000000, 0x000000076a000000, 0x000000076a200000|  0%| F|  |TAMS 0x000000076a000000, 0x000000076a000000| Untracked 
|  67|0x000000076a200000, 0x000000076a200000, 0x000000076a400000|  0%| F|  |TAMS 0x000000076a200000, 0x000000076a200000| Untracked 
|  68|0x000000076a400000, 0x000000076a400000, 0x000000076a600000|  0%| F|  |TAMS 0x000000076a400000, 0x000000076a400000| Untracked 
|  69|0x000000076a600000, 0x000000076a600000, 0x000000076a800000|  0%| F|  |TAMS 0x000000076a600000, 0x000000076a600000| Untracked 
|  70|0x000000076a800000, 0x000000076a800000, 0x000000076aa00000|  0%| F|  |TAMS 0x000000076a800000, 0x000000076a800000| Untracked 
|  71|0x000000076aa00000, 0x000000076aa00000, 0x000000076ac00000|  0%| F|  |TAMS 0x000000076aa00000, 0x000000076aa00000| Untracked 
|  72|0x000000076ac00000, 0x000000076ac00000, 0x000000076ae00000|  0%| F|  |TAMS 0x000000076ac00000, 0x000000076ac00000| Untracked 
|  73|0x000000076ae00000, 0x000000076ae00000, 0x000000076b000000|  0%| F|  |TAMS 0x000000076ae00000, 0x000000076ae00000| Untracked 
|  74|0x000000076b000000, 0x000000076b000000, 0x000000076b200000|  0%| F|  |TAMS 0x000000076b000000, 0x000000076b000000| Untracked 
|  75|0x000000076b200000, 0x000000076b200000, 0x000000076b400000|  0%| F|  |TAMS 0x000000076b200000, 0x000000076b200000| Untracked 
|  76|0x000000076b400000, 0x000000076b400000, 0x000000076b600000|  0%| F|  |TAMS 0x000000076b400000, 0x000000076b400000| Untracked 
|  77|0x000000076b600000, 0x000000076b800000, 0x000000076b800000|100%| E|  |TAMS 0x000000076b600000, 0x000000076b600000| Complete 
|  78|0x000000076b800000, 0x000000076ba00000, 0x000000076ba00000|100%| E|CS|TAMS 0x000000076b800000, 0x000000076b800000| Complete 
|  79|0x000000076ba00000, 0x000000076bc00000, 0x000000076bc00000|100%| E|CS|TAMS 0x000000076ba00000, 0x000000076ba00000| Complete 
|  80|0x000000076bc00000, 0x000000076be00000, 0x000000076be00000|100%| E|CS|TAMS 0x000000076bc00000, 0x000000076bc00000| Complete 
|  81|0x000000076be00000, 0x000000076bf77d58, 0x000000076c000000| 73%| S|CS|TAMS 0x000000076be00000, 0x000000076be00000| Complete 
|  82|0x000000076c000000, 0x000000076c200000, 0x000000076c200000|100%| E|CS|TAMS 0x000000076c000000, 0x000000076c000000| Complete 
|  83|0x000000076c200000, 0x000000076c400000, 0x000000076c400000|100%| E|CS|TAMS 0x000000076c200000, 0x000000076c200000| Complete 

Card table byte_map: [0x0000024e6dff0000,0x0000024e6e4f0000] _byte_map_base: 0x0000024e6a4e2000

Marking Bits (Prev, Next): (CMBitMap*) 0x0000024e56d012f0, (CMBitMap*) 0x0000024e56d012b0
 Prev Bits: [0x0000024e71180000, 0x0000024e73910000)
 Next Bits: [0x0000024e6e9f0000, 0x0000024e71180000)

Polling page: 0x0000024e54bf0000

Metaspace:

Usage:
  Non-class:     37.15 MB used.
      Class:      6.01 MB used.
       Both:     43.16 MB used.

Virtual space:
  Non-class space:       64.00 MB reserved,      37.31 MB ( 58%) committed,  1 nodes.
      Class space:        1.00 GB reserved,       6.12 MB ( <1%) committed,  1 nodes.
             Both:        1.06 GB reserved,      43.44 MB (  4%) committed. 

Chunk freelists:
   Non-Class:  9.98 MB
       Class:  9.83 MB
        Both:  19.81 MB

MaxMetaspaceSize: unlimited
CompressedClassSpaceSize: 1.00 GB
Initial GC threshold: 21.00 MB
Current GC threshold: 69.31 MB
CDS: on
MetaspaceReclaimPolicy: balanced
 - commit_granule_bytes: 65536.
 - commit_granule_words: 8192.
 - virtual_space_node_default_size: 8388608.
 - enlarge_chunks_in_place: 1.
 - new_chunks_are_fully_committed: 0.
 - uncommit_free_chunks: 1.
 - use_allocation_guard: 0.
 - handle_deallocations: 1.


Internal statistics:

num_allocs_failed_limit: 6.
num_arena_births: 196.
num_arena_deaths: 0.
num_vsnodes_births: 2.
num_vsnodes_deaths: 0.
num_space_committed: 678.
num_space_uncommitted: 0.
num_chunks_returned_to_freelist: 6.
num_chunks_taken_from_freelist: 1153.
num_chunk_merges: 3.
num_chunk_splits: 842.
num_chunks_enlarged: 658.
num_inconsistent_stats: 0.

CodeHeap 'non-profiled nmethods': size=120000Kb used=4118Kb max_used=4118Kb free=115881Kb
 bounds [0x0000024e66290000, 0x0000024e666a0000, 0x0000024e6d7c0000]
CodeHeap 'profiled nmethods': size=120000Kb used=11837Kb max_used=11837Kb free=108162Kb
 bounds [0x0000024e5e7c0000, 0x0000024e5f360000, 0x0000024e65cf0000]
CodeHeap 'non-nmethods': size=5760Kb used=1492Kb max_used=1527Kb free=4267Kb
 bounds [0x0000024e65cf0000, 0x0000024e65f60000, 0x0000024e66290000]
 total_blobs=6323 nmethods=5453 adapters=781
 compilation: enabled
              stopped_count=0, restarted_count=0
 full_count=0

Compilation events (20 events):
Event: 45.093 Thread 0x0000024e76360020 6257   !   3       java.util.concurrent.DelayQueue::offer (60 bytes)
Event: 45.095 Thread 0x0000024e76360020 nmethod 6257 0x0000024e5f342c90 code [0x0000024e5f342f20, 0x0000024e5f343cb8]
Event: 45.095 Thread 0x0000024e76360020 6258       3       java.util.PriorityQueue::offer (58 bytes)
Event: 45.095 Thread 0x0000024e76360020 nmethod 6258 0x0000024e5f344310 code [0x0000024e5f344500, 0x0000024e5f3448f8]
Event: 45.109 Thread 0x0000024e76360020 6259   !   3       sun.awt.AWTAutoShutdown::getPeer (43 bytes)
Event: 45.109 Thread 0x0000024e76360020 nmethod 6259 0x0000024e5f344a90 code [0x0000024e5f344c40, 0x0000024e5f344fe8]
Event: 45.116 Thread 0x0000024e76360020 6260       3       sun.java2d.loops.ScaledBlit::getFromCache (49 bytes)
Event: 45.116 Thread 0x0000024e76360020 nmethod 6260 0x0000024e5f345210 code [0x0000024e5f345400, 0x0000024e5f345908]
Event: 45.116 Thread 0x0000024e76360020 6262       3       sun.java2d.marlin.DMarlinRenderingEngine::pathToLoop (534 bytes)
Event: 45.118 Thread 0x0000024e76360020 nmethod 6262 0x0000024e5f345a90 code [0x0000024e5f345f20, 0x0000024e5f347cf8]
Event: 45.118 Thread 0x0000024e76360020 6261       3       sun.java2d.marlin.TransformingPathConsumer2D$CurveClipSplitter::init (63 bytes)
Event: 45.118 Thread 0x0000024e76360020 nmethod 6261 0x0000024e5f348290 code [0x0000024e5f348460, 0x0000024e5f348638]
Event: 45.118 Thread 0x0000024e76360020 6263       1       javax.swing.AbstractButton::getVerticalAlignment (5 bytes)
Event: 45.119 Thread 0x0000024e76360020 nmethod 6263 0x0000024e6668b610 code [0x0000024e6668b7a0, 0x0000024e6668b878]
Event: 45.141 Thread 0x0000024e76360020 6264       3       sun.java2d.SunGraphics2D::setClip (14 bytes)
Event: 45.141 Thread 0x0000024e76360020 nmethod 6264 0x0000024e5f348710 code [0x0000024e5f3488c0, 0x0000024e5f348a98]
Event: 45.141 Thread 0x0000024e76360020 6265       1       sun.awt.image.BufImgSurfaceData::getDefaultScaleX (5 bytes)
Event: 45.141 Thread 0x0000024e76360020 nmethod 6265 0x0000024e6668b910 code [0x0000024e6668baa0, 0x0000024e6668bb78]
Event: 45.141 Thread 0x0000024e76360020 6266       1       sun.awt.image.BufImgSurfaceData::getDefaultScaleY (5 bytes)
Event: 45.141 Thread 0x0000024e76360020 nmethod 6266 0x0000024e6668bc10 code [0x0000024e6668bda0, 0x0000024e6668be78]

GC Heap History (20 events):
Event: 9.901 GC heap before
{Heap before GC invocations=4 (full 0):
 garbage-first heap   total 102400K, used 63841K [0x0000000761c00000, 0x0000000800000000)
  region size 2048K, 23 young (47104K), 2 survivors (4096K)
 Metaspace       used 28357K, committed 28608K, reserved 1114112K
  class space    used 3273K, committed 3392K, reserved 1048576K
}
Event: 9.911 GC heap after
{Heap after GC invocations=5 (full 0):
 garbage-first heap   total 102400K, used 31740K [0x0000000761c00000, 0x0000000800000000)
  region size 2048K, 4 young (8192K), 4 survivors (8192K)
 Metaspace       used 28357K, committed 28608K, reserved 1114112K
  class space    used 3273K, committed 3392K, reserved 1048576K
}
Event: 9.960 GC heap before
{Heap before GC invocations=5 (full 0):
 garbage-first heap   total 102400K, used 33788K [0x0000000761c00000, 0x0000000800000000)
  region size 2048K, 5 young (10240K), 4 survivors (8192K)
 Metaspace       used 28428K, committed 28736K, reserved 1114112K
  class space    used 3290K, committed 3456K, reserved 1048576K
}
Event: 9.968 GC heap after
{Heap after GC invocations=6 (full 0):
 garbage-first heap   total 102400K, used 33394K [0x0000000761c00000, 0x0000000800000000)
  region size 2048K, 1 young (2048K), 1 survivors (2048K)
 Metaspace       used 28428K, committed 28736K, reserved 1114112K
  class space    used 3290K, committed 3456K, reserved 1048576K
}
Event: 13.261 GC heap before
{Heap before GC invocations=6 (full 0):
 garbage-first heap   total 102400K, used 55922K [0x0000000761c00000, 0x0000000800000000)
  region size 2048K, 13 young (26624K), 1 survivors (2048K)
 Metaspace       used 30993K, committed 31232K, reserved 1114112K
  class space    used 3871K, committed 4032K, reserved 1048576K
}
Event: 13.268 GC heap after
{Heap after GC invocations=7 (full 0):
 garbage-first heap   total 102400K, used 38838K [0x0000000761c00000, 0x0000000800000000)
  region size 2048K, 2 young (4096K), 2 survivors (4096K)
 Metaspace       used 30993K, committed 31232K, reserved 1114112K
  class space    used 3871K, committed 4032K, reserved 1048576K
}
Event: 17.428 GC heap before
{Heap before GC invocations=7 (full 0):
 garbage-first heap   total 102400K, used 61366K [0x0000000761c00000, 0x0000000800000000)
  region size 2048K, 14 young (28672K), 2 survivors (4096K)
 Metaspace       used 34210K, committed 34432K, reserved 1114112K
  class space    used 4498K, committed 4608K, reserved 1048576K
}
Event: 17.434 GC heap after
{Heap after GC invocations=8 (full 0):
 garbage-first heap   total 102400K, used 43656K [0x0000000761c00000, 0x0000000800000000)
  region size 2048K, 2 young (4096K), 2 survivors (4096K)
 Metaspace       used 34210K, committed 34432K, reserved 1114112K
  class space    used 4498K, committed 4608K, reserved 1048576K
}
Event: 18.982 GC heap before
{Heap before GC invocations=8 (full 0):
 garbage-first heap   total 102400K, used 53896K [0x0000000761c00000, 0x0000000800000000)
  region size 2048K, 8 young (16384K), 2 survivors (4096K)
 Metaspace       used 35708K, committed 35968K, reserved 1114112K
  class space    used 4832K, committed 4992K, reserved 1048576K
}
Event: 18.987 GC heap after
{Heap after GC invocations=9 (full 0):
 garbage-first heap   total 102400K, used 46824K [0x0000000761c00000, 0x0000000800000000)
  region size 2048K, 2 young (4096K), 2 survivors (4096K)
 Metaspace       used 35708K, committed 35968K, reserved 1114112K
  class space    used 4832K, committed 4992K, reserved 1048576K
}
Event: 20.570 GC heap before
{Heap before GC invocations=10 (full 0):
 garbage-first heap   total 102400K, used 69352K [0x0000000761c00000, 0x0000000800000000)
  region size 2048K, 13 young (26624K), 2 survivors (4096K)
 Metaspace       used 39481K, committed 39744K, reserved 1114112K
  class space    used 5300K, committed 5440K, reserved 1048576K
}
Event: 20.576 GC heap after
{Heap after GC invocations=11 (full 0):
 garbage-first heap   total 102400K, used 51100K [0x0000000761c00000, 0x0000000800000000)
  region size 2048K, 2 young (4096K), 2 survivors (4096K)
 Metaspace       used 39481K, committed 39744K, reserved 1114112K
  class space    used 5300K, committed 5440K, reserved 1048576K
}
Event: 20.677 GC heap before
{Heap before GC invocations=11 (full 0):
 garbage-first heap   total 102400K, used 53148K [0x0000000761c00000, 0x0000000800000000)
  region size 2048K, 3 young (6144K), 2 survivors (4096K)
 Metaspace       used 39551K, committed 39808K, reserved 1114112K
  class space    used 5315K, committed 5440K, reserved 1048576K
}
Event: 20.682 GC heap after
{Heap after GC invocations=12 (full 0):
 garbage-first heap   total 102400K, used 51417K [0x0000000761c00000, 0x0000000800000000)
  region size 2048K, 1 young (2048K), 1 survivors (2048K)
 Metaspace       used 39551K, committed 39808K, reserved 1114112K
  class space    used 5315K, committed 5440K, reserved 1048576K
}
Event: 21.870 GC heap before
{Heap before GC invocations=12 (full 0):
 garbage-first heap   total 102400K, used 69849K [0x0000000761c00000, 0x0000000800000000)
  region size 2048K, 11 young (22528K), 1 survivors (2048K)
 Metaspace       used 40386K, committed 40640K, reserved 1114112K
  class space    used 5537K, committed 5632K, reserved 1048576K
}
Event: 21.876 GC heap after
{Heap after GC invocations=13 (full 0):
 garbage-first heap   total 172032K, used 58881K [0x0000000761c00000, 0x0000000800000000)
  region size 2048K, 2 young (4096K), 2 survivors (4096K)
 Metaspace       used 40386K, committed 40640K, reserved 1114112K
  class space    used 5537K, committed 5632K, reserved 1048576K
}
Event: 23.666 GC heap before
{Heap before GC invocations=13 (full 0):
 garbage-first heap   total 172032K, used 122369K [0x0000000761c00000, 0x0000000800000000)
  region size 2048K, 29 young (59392K), 2 survivors (4096K)
 Metaspace       used 41867K, committed 42048K, reserved 1114112K
  class space    used 5878K, committed 5952K, reserved 1048576K
}
Event: 23.673 GC heap after
{Heap after GC invocations=14 (full 0):
 garbage-first heap   total 172032K, used 83245K [0x0000000761c00000, 0x0000000800000000)
  region size 2048K, 4 young (8192K), 4 survivors (8192K)
 Metaspace       used 41867K, committed 42048K, reserved 1114112K
  class space    used 5878K, committed 5952K, reserved 1048576K
}
Event: 23.823 GC heap before
{Heap before GC invocations=14 (full 0):
 garbage-first heap   total 172032K, used 85293K [0x0000000761c00000, 0x0000000800000000)
  region size 2048K, 6 young (12288K), 4 survivors (8192K)
 Metaspace       used 42371K, committed 42560K, reserved 1114112K
  class space    used 5932K, committed 6016K, reserved 1048576K
}
Event: 23.826 GC heap after
{Heap after GC invocations=15 (full 0):
 garbage-first heap   total 172032K, used 85296K [0x0000000761c00000, 0x0000000800000000)
  region size 2048K, 1 young (2048K), 1 survivors (2048K)
 Metaspace       used 42371K, committed 42560K, reserved 1114112K
  class space    used 5932K, committed 6016K, reserved 1048576K
}

Dll operation events (20 events):
Event: 19.081 Loaded shared library C:\Program Files\BellSoft\LibericaJDK-17\bin\api-ms-win-crt-filesystem-l1-1-0.dll
Event: 19.083 Loaded shared library C:\Program Files\BellSoft\LibericaJDK-17\bin\api-ms-win-crt-heap-l1-1-0.dll
Event: 19.085 Loaded shared library C:\Program Files\BellSoft\LibericaJDK-17\bin\api-ms-win-crt-locale-l1-1-0.dll
Event: 19.086 Loaded shared library C:\Program Files\BellSoft\LibericaJDK-17\bin\api-ms-win-crt-math-l1-1-0.dll
Event: 19.087 Loaded shared library C:\Program Files\BellSoft\LibericaJDK-17\bin\api-ms-win-crt-multibyte-l1-1-0.dll
Event: 19.088 Loaded shared library C:\Program Files\BellSoft\LibericaJDK-17\bin\api-ms-win-crt-private-l1-1-0.dll
Event: 19.090 Loaded shared library C:\Program Files\BellSoft\LibericaJDK-17\bin\api-ms-win-crt-process-l1-1-0.dll
Event: 19.092 Loaded shared library C:\Program Files\BellSoft\LibericaJDK-17\bin\api-ms-win-crt-runtime-l1-1-0.dll
Event: 19.093 Loaded shared library C:\Program Files\BellSoft\LibericaJDK-17\bin\api-ms-win-crt-stdio-l1-1-0.dll
Event: 19.095 Loaded shared library C:\Program Files\BellSoft\LibericaJDK-17\bin\api-ms-win-crt-string-l1-1-0.dll
Event: 19.097 Loaded shared library C:\Program Files\BellSoft\LibericaJDK-17\bin\api-ms-win-crt-time-l1-1-0.dll
Event: 19.098 Loaded shared library C:\Program Files\BellSoft\LibericaJDK-17\bin\api-ms-win-crt-utility-l1-1-0.dll
Event: 19.100 Loaded shared library C:\Program Files\BellSoft\LibericaJDK-17\bin\ucrtbase.dll
Event: 19.102 Loaded shared library C:\Program Files\BellSoft\LibericaJDK-17\bin\vcruntime140.dll
Event: 19.102 Loaded shared library C:\Program Files\BellSoft\LibericaJDK-17\bin\msvcp140.dll
Event: 19.103 Loaded shared library C:\Windows\System32\concrt140.dll
Event: 19.129 Loaded shared library C:\Program Files\BellSoft\LibericaJDK-15-Full\bin\prism_d3d.dll
Event: 19.152 Loaded shared library C:\Program Files\BellSoft\LibericaJDK-15-Full\bin\glass.dll
Event: 21.869 Loaded shared library C:\Program Files\BellSoft\LibericaJDK-17\bin\javajpeg.dll
Event: 44.488 Loaded shared library C:\Program Files\BellSoft\LibericaJDK-15-Full\bin\jfxwebkit.dll

Deoptimization events (20 events):
Event: 44.150 Thread 0x0000024e7bfcb030 Uncommon trap: trap_request=0xffffff45 fr.pc=0x0000024e663e30cc relative=0x000000000000004c
Event: 44.150 Thread 0x0000024e7bfcb030 Uncommon trap: reason=unstable_if action=reinterpret pc=0x0000024e663e30cc method=sun.swing.SwingUtilities2.getLeftSideBearing(Ljavax/swing/JComponent;Ljava/awt/FontMetrics;C)I @ 5 c2
Event: 44.150 Thread 0x0000024e7bfcb030 DEOPT PACKING pc=0x0000024e663e30cc sp=0x0000005cc0cfcd80
Event: 44.150 Thread 0x0000024e7bfcb030 DEOPT UNPACKING pc=0x0000024e65d469a3 sp=0x0000005cc0cfccb8 mode 2
Event: 44.152 Thread 0x0000024e7bfcb030 DEOPT PACKING pc=0x0000024e5f30e4ff sp=0x0000005cc0cfcd60
Event: 44.152 Thread 0x0000024e7bfcb030 DEOPT UNPACKING pc=0x0000024e65d47143 sp=0x0000005cc0cfc160 mode 0
Event: 44.155 Thread 0x0000024e7bfcb030 DEOPT PACKING pc=0x0000024e5f315f3e sp=0x0000005cc0cfcca0
Event: 44.155 Thread 0x0000024e7bfcb030 DEOPT UNPACKING pc=0x0000024e65d47143 sp=0x0000005cc0cfc148 mode 0
Event: 44.311 Thread 0x0000024e7bfcb030 Uncommon trap: trap_request=0xffffff45 fr.pc=0x0000024e66674de8 relative=0x00000000000029c8
Event: 44.311 Thread 0x0000024e7bfcb030 Uncommon trap: reason=unstable_if action=reinterpret pc=0x0000024e66674de8 method=sun.java2d.marlin.Renderer._endRendering(II)V @ 2308 c2
Event: 44.311 Thread 0x0000024e7bfcb030 DEOPT PACKING pc=0x0000024e66674de8 sp=0x0000005cc0cfdae0
Event: 44.311 Thread 0x0000024e7bfcb030 DEOPT UNPACKING pc=0x0000024e65d469a3 sp=0x0000005cc0cfd8d8 mode 2
Event: 44.313 Thread 0x0000024e7bfcb030 DEOPT PACKING pc=0x0000024e5f30e29a sp=0x0000005cc0cfdc70
Event: 44.313 Thread 0x0000024e7bfcb030 DEOPT UNPACKING pc=0x0000024e65d47143 sp=0x0000005cc0cfd070 mode 0
Event: 45.013 Thread 0x0000024e7bfcb030 DEOPT PACKING pc=0x0000024e5f315f3e sp=0x0000005cc0cfdb40
Event: 45.013 Thread 0x0000024e7bfcb030 DEOPT UNPACKING pc=0x0000024e65d47143 sp=0x0000005cc0cfcfe8 mode 0
Event: 45.031 Thread 0x0000024e7bfcb030 DEOPT PACKING pc=0x0000024e5f335f77 sp=0x0000005cc0cfdb50
Event: 45.031 Thread 0x0000024e7bfcb030 DEOPT UNPACKING pc=0x0000024e65d47143 sp=0x0000005cc0cfcf18 mode 0
Event: 45.072 Thread 0x0000024e7bfcb030 DEOPT PACKING pc=0x0000024e5f335f77 sp=0x0000005cc0cfdb50
Event: 45.072 Thread 0x0000024e7bfcb030 DEOPT UNPACKING pc=0x0000024e65d47143 sp=0x0000005cc0cfcf18 mode 0

Classes unloaded (0 events):
No events

Classes redefined (0 events):
No events

Internal exceptions (20 events):
Event: 20.105 Thread 0x0000024e7bfcb030 Exception <a 'java/io/FileNotFoundException'{0x00000007668bdc88}> (0x00000007668bdc88) 
thrown [s\src\hotspot\share\prims\jni.cpp, line 516]
Event: 20.105 Thread 0x0000024e7bfcb030 Exception <a 'java/io/FileNotFoundException'{0x00000007668c03a8}> (0x00000007668c03a8) 
thrown [s\src\hotspot\share\prims\jni.cpp, line 516]
Event: 20.383 Thread 0x0000024e7f04c3f0 Implicit null exception at 0x0000024e665650a5 to 0x0000024e66565c8c
Event: 21.457 Thread 0x0000024e7f04c3f0 Implicit null exception at 0x0000024e66440cea to 0x0000024e664455a9
Event: 21.459 Thread 0x0000024e7f04c3f0 Implicit null exception at 0x0000024e66440cea to 0x0000024e664455a9
Event: 21.463 Thread 0x0000024e7f04c3f0 Implicit null exception at 0x0000024e66440cea to 0x0000024e664455a9
Event: 21.494 Thread 0x0000024e7f04c3f0 Implicit null exception at 0x0000024e66440cea to 0x0000024e664455a9
Event: 22.084 Thread 0x0000024e7bfcb030 Implicit null exception at 0x0000024e665653f8 to 0x0000024e665656ce
Event: 23.747 Thread 0x0000024e7bfcb030 Implicit null exception at 0x0000024e662bbcc1 to 0x0000024e662bbef9
Event: 23.747 Thread 0x0000024e7bfcb030 Implicit null exception at 0x0000024e66542a72 to 0x0000024e6654372c
Event: 23.748 Thread 0x0000024e7bfcb030 Implicit null exception at 0x0000024e664bc8fc to 0x0000024e664bdac0
Event: 23.763 Thread 0x0000024e7bfcb030 Implicit null exception at 0x0000024e663d1401 to 0x0000024e663d24b0
Event: 23.763 Thread 0x0000024e7bfcb030 Implicit null exception at 0x0000024e665236e4 to 0x0000024e66523c60
Event: 42.929 Thread 0x0000024e7bfcb030 Implicit null exception at 0x0000024e6636e53a to 0x0000024e6636f578
Event: 42.960 Thread 0x0000024e7bfcb030 Implicit null exception at 0x0000024e66647873 to 0x0000024e666484a0
Event: 44.076 Thread 0x0000024e7bfcb030 Implicit null exception at 0x0000024e664ba1ba to 0x0000024e664ba9c2
Event: 44.083 Thread 0x0000024e7f04a080 Exception <a 'java/lang/NullPointerException'{0x000000076b87f800}> (0x000000076b87f800) 
thrown [s\src\hotspot\share\interpreter\linkResolver.cpp, line 1350]
Event: 44.126 Thread 0x0000024e7f04a080 Exception <a 'java/lang/NoSuchMethodError'{0x000000076b8c5578}: 'void java.lang.invoke.DirectMethodHandle$Holder.invokeSpecial(java.lang.Object, java.lang.Object, java.lang.Object, java.lang.Object, java.lang.Object)'> (0x000000076b8c5578) 
thrown [s\src\hotspot\share\interpreter\linkResolver.cpp, line 759]
Event: 44.230 Thread 0x0000024e7f04a080 Exception <a 'java/lang/NoSuchMethodError'{0x000000076b9acb98}: 'int java.lang.invoke.DirectMethodHandle$Holder.invokeSpecial(java.lang.Object, java.lang.Object, java.lang.Object, java.lang.Object)'> (0x000000076b9acb98) 
thrown [s\src\hotspot\share\interpreter\linkResolver.cpp, line 759]
Event: 45.075 Thread 0x0000024e7f04a080 Exception <a 'java/lang/NoSuchMethodError'{0x000000076b7eb468}: fwkIsMainThread> (0x000000076b7eb468) 
thrown [s\src\hotspot\share\prims\jni.cpp, line 1073]

VM Operations (20 events):
Event: 31.733 Executing VM operation: Cleanup
Event: 31.733 Executing VM operation: Cleanup done
Event: 33.734 Executing VM operation: Cleanup
Event: 33.734 Executing VM operation: Cleanup done
Event: 35.736 Executing VM operation: Cleanup
Event: 35.736 Executing VM operation: Cleanup done
Event: 37.736 Executing VM operation: Cleanup
Event: 37.736 Executing VM operation: Cleanup done
Event: 38.736 Executing VM operation: Cleanup
Event: 38.736 Executing VM operation: Cleanup done
Event: 39.737 Executing VM operation: Cleanup
Event: 39.737 Executing VM operation: Cleanup done
Event: 40.738 Executing VM operation: Cleanup
Event: 40.738 Executing VM operation: Cleanup done
Event: 42.738 Executing VM operation: Cleanup
Event: 42.738 Executing VM operation: Cleanup done
Event: 43.738 Executing VM operation: Cleanup
Event: 43.738 Executing VM operation: Cleanup done
Event: 44.738 Executing VM operation: Cleanup
Event: 44.739 Executing VM operation: Cleanup done

Events (20 events):
Event: 44.156 loading class java/util/regex/Pattern$BnM
Event: 44.188 loading class java/util/regex/Pattern$BnM done
Event: 44.188 loading class java/util/regex/Pattern$SliceS
Event: 44.188 loading class java/util/regex/Pattern$SliceS done
Event: 44.272 loading class java/util/concurrent/Executors$DelegatedScheduledExecutorService
Event: 44.272 loading class java/util/concurrent/ScheduledExecutorService
Event: 44.272 loading class java/util/concurrent/ScheduledExecutorService done
Event: 44.272 loading class java/util/concurrent/Executors$DelegatedScheduledExecutorService done
Event: 44.272 loading class java/util/concurrent/ScheduledThreadPoolExecutor
Event: 44.286 loading class java/util/concurrent/ScheduledThreadPoolExecutor done
Event: 44.286 loading class java/util/concurrent/ScheduledThreadPoolExecutor$DelayedWorkQueue
Event: 44.287 loading class java/util/concurrent/ScheduledThreadPoolExecutor$DelayedWorkQueue done
Event: 44.287 loading class java/util/concurrent/RunnableScheduledFuture
Event: 44.287 loading class java/util/concurrent/ScheduledFuture
Event: 44.287 loading class java/util/concurrent/ScheduledFuture done
Event: 44.287 loading class java/util/concurrent/RunnableScheduledFuture done
Event: 44.298 loading class java/net/CookieHandler
Event: 44.301 loading class java/net/CookieHandler done
Event: 44.314 loading class javax/swing/JTable$PrintMode
Event: 44.314 loading class javax/swing/JTable$PrintMode done


Dynamic libraries:
0x00007ff6f30b0000 - 0x00007ff6f30be000 	C:\Program Files\BellSoft\LibericaJDK-17\bin\java.exe
0x00007fffd3b90000 - 0x00007fffd3d88000 	C:\WINDOWS\SYSTEM32\ntdll.dll
0x00007fffd36c0000 - 0x00007fffd3782000 	C:\WINDOWS\System32\KERNEL32.DLL
0x00007fffd1780000 - 0x00007fffd1a76000 	C:\WINDOWS\System32\KERNELBASE.dll
0x00007fffd1620000 - 0x00007fffd1720000 	C:\WINDOWS\System32\ucrtbase.dll
0x00007fffca370000 - 0x00007fffca38b000 	C:\Program Files\BellSoft\LibericaJDK-17\bin\VCRUNTIME140.dll
0x00007fffca460000 - 0x00007fffca477000 	C:\Program Files\BellSoft\LibericaJDK-17\bin\jli.dll
0x00007fffd28c0000 - 0x00007fffd2a5d000 	C:\WINDOWS\System32\USER32.dll
0x00007fffd1720000 - 0x00007fffd1742000 	C:\WINDOWS\System32\win32u.dll
0x00007fffc58a0000 - 0x00007fffc5b3a000 	C:\WINDOWS\WinSxS\amd64_microsoft.windows.common-controls_6595b64144ccf1df_6.0.19041.5915_none_60b4b9d171f9c7c7\COMCTL32.dll
0x00007fffd2a60000 - 0x00007fffd2a8b000 	C:\WINDOWS\System32\GDI32.dll
0x00007fffd2550000 - 0x00007fffd25ee000 	C:\WINDOWS\System32\msvcrt.dll
0x00007fffd1500000 - 0x00007fffd1619000 	C:\WINDOWS\System32\gdi32full.dll
0x00007fffd1a80000 - 0x00007fffd1b1d000 	C:\WINDOWS\System32\msvcp_win.dll
0x00007fffd3690000 - 0x00007fffd36bf000 	C:\WINDOWS\System32\IMM32.DLL
0x00007fffcce10000 - 0x00007fffcce1c000 	C:\Program Files\BellSoft\LibericaJDK-17\bin\vcruntime140_1.dll
0x00007fffb17c0000 - 0x00007fffb184e000 	C:\Program Files\BellSoft\LibericaJDK-17\bin\msvcp140.dll
0x00007fff83070000 - 0x00007fff83cd3000 	C:\Program Files\BellSoft\LibericaJDK-17\bin\server\jvm.dll
0x00007fffd3410000 - 0x00007fffd34c1000 	C:\WINDOWS\System32\ADVAPI32.dll
0x00007fffd2660000 - 0x00007fffd26ff000 	C:\WINDOWS\System32\sechost.dll
0x00007fffd2420000 - 0x00007fffd2543000 	C:\WINDOWS\System32\RPCRT4.dll
0x00007fffd1750000 - 0x00007fffd1777000 	C:\WINDOWS\System32\bcrypt.dll
0x00007fffcb990000 - 0x00007fffcb9b7000 	C:\WINDOWS\SYSTEM32\WINMM.dll
0x00007fffd1100000 - 0x00007fffd114b000 	C:\WINDOWS\SYSTEM32\POWRPROF.dll
0x00007fffcb1e0000 - 0x00007fffcb1e9000 	C:\WINDOWS\SYSTEM32\WSOCK32.dll
0x00007fffd3280000 - 0x00007fffd32eb000 	C:\WINDOWS\System32\WS2_32.dll
0x00007fffcce00000 - 0x00007fffcce0a000 	C:\WINDOWS\SYSTEM32\VERSION.dll
0x00007fffd10a0000 - 0x00007fffd10b2000 	C:\WINDOWS\SYSTEM32\UMPDC.dll
0x00007fffcefe0000 - 0x00007fffceff2000 	C:\WINDOWS\SYSTEM32\kernel.appcore.dll
0x00007fffcca70000 - 0x00007fffcca7a000 	C:\Program Files\BellSoft\LibericaJDK-17\bin\jimage.dll
0x00007fffcc180000 - 0x00007fffcc381000 	C:\WINDOWS\SYSTEM32\DBGHELP.DLL
0x00007fffcbc70000 - 0x00007fffcbca4000 	C:\WINDOWS\SYSTEM32\dbgcore.DLL
0x00007fffd1b20000 - 0x00007fffd1ba2000 	C:\WINDOWS\System32\bcryptPrimitives.dll
0x00007fffc7ab0000 - 0x00007fffc7ad5000 	C:\Program Files\BellSoft\LibericaJDK-17\bin\java.dll
0x00007fffb0c60000 - 0x00007fffb0d37000 	C:\Program Files\BellSoft\LibericaJDK-17\bin\jsvml.dll
0x00007fffd1bd0000 - 0x00007fffd233e000 	C:\WINDOWS\System32\SHELL32.dll
0x00007fffcf2c0000 - 0x00007fffcfa64000 	C:\WINDOWS\SYSTEM32\windows.storage.dll
0x00007fffd3790000 - 0x00007fffd3ae3000 	C:\WINDOWS\System32\combase.dll
0x00007fffd0b80000 - 0x00007fffd0bab000 	C:\WINDOWS\SYSTEM32\Wldp.dll
0x00007fffd2340000 - 0x00007fffd240d000 	C:\WINDOWS\System32\OLEAUT32.dll
0x00007fffd2700000 - 0x00007fffd27ad000 	C:\WINDOWS\System32\SHCORE.dll
0x00007fffd25f0000 - 0x00007fffd264b000 	C:\WINDOWS\System32\shlwapi.dll
0x00007fffd1150000 - 0x00007fffd1175000 	C:\WINDOWS\SYSTEM32\profapi.dll
0x00007fffbf3a0000 - 0x00007fffbf3b9000 	C:\Program Files\BellSoft\LibericaJDK-17\bin\net.dll
0x00007fffca670000 - 0x00007fffca77a000 	C:\WINDOWS\SYSTEM32\WINHTTP.dll
0x00007fffd08e0000 - 0x00007fffd094a000 	C:\WINDOWS\system32\mswsock.dll
0x00007fffbe620000 - 0x00007fffbe636000 	C:\Program Files\BellSoft\LibericaJDK-17\bin\nio.dll
0x00007fffbe600000 - 0x00007fffbe618000 	C:\Program Files\BellSoft\LibericaJDK-17\bin\zip.dll
0x00007fffb05e0000 - 0x00007fffb0770000 	C:\Program Files\BellSoft\LibericaJDK-17\bin\awt.dll
0x00007fffce930000 - 0x00007fffce9c4000 	C:\WINDOWS\SYSTEM32\apphelp.dll
0x00007fffcebd0000 - 0x00007fffcec6e000 	C:\WINDOWS\system32\uxtheme.dll
0x00007fffd32f0000 - 0x00007fffd3405000 	C:\WINDOWS\System32\MSCTF.dll
0x00007fffd2b20000 - 0x00007fffd2c4b000 	C:\WINDOWS\System32\ole32.dll
0x00007fffcefb0000 - 0x00007fffcefdf000 	C:\WINDOWS\system32\DWMAPI.DLL
0x00007fffc6160000 - 0x00007fffc6210000 	C:\WINDOWS\WinSxS\amd64_microsoft.windows.common-controls_6595b64144ccf1df_5.82.19041.5915_none_793527b5243cb406\comctl32.dll
0x00007fffb1730000 - 0x00007fffb17b7000 	C:\Program Files\BellSoft\LibericaJDK-17\bin\freetype.dll
0x00007fffb0500000 - 0x00007fffb05d3000 	C:\Program Files\BellSoft\LibericaJDK-17\bin\fontmanager.dll
0x00007fffa0fe0000 - 0x00007fffa1108000 	C:\WINDOWS\system32\opengl32.dll
0x00007fffa0f70000 - 0x00007fffa0f9c000 	C:\WINDOWS\SYSTEM32\GLU32.dll
0x00007fffd2810000 - 0x00007fffd28b9000 	C:\WINDOWS\System32\clbcatq.dll
0x00007fffc9910000 - 0x00007fffc9a04000 	C:\WINDOWS\SYSTEM32\PROPSYS.dll
0x00007fffb2b20000 - 0x00007fffb2b37000 	C:\WINDOWS\system32\NetworkExplorer.dll
0x00007fffd12d0000 - 0x00007fffd131e000 	C:\WINDOWS\System32\CFGMGR32.dll
0x00007fffc7990000 - 0x00007fffc79ad000 	C:\WINDOWS\SYSTEM32\MPR.dll
0x00007fffb5460000 - 0x00007fffb546b000 	C:\WINDOWS\System32\drprov.dll
0x00007fffd1000000 - 0x00007fffd105b000 	C:\WINDOWS\System32\WINSTA.dll
0x00007fff9c0c0000 - 0x00007fff9c0df000 	C:\WINDOWS\System32\ntlanman.dll
0x00007fff9aa40000 - 0x00007fff9aa5e000 	C:\WINDOWS\System32\davclnt.dll
0x00007fffb4a30000 - 0x00007fffb4a3d000 	C:\WINDOWS\System32\DAVHLPR.dll
0x00007fff95dd0000 - 0x00007fff95ded000 	C:\WINDOWS\System32\nfsnp.dll
0x00007fffd1060000 - 0x00007fffd1092000 	C:\WINDOWS\System32\SspiCli.dll
0x00007fffd0320000 - 0x00007fffd0339000 	C:\WINDOWS\System32\wkscli.dll
0x00007fffc1e90000 - 0x00007fffc1ea2000 	C:\WINDOWS\SYSTEM32\cscapi.dll
0x00007fffd06d0000 - 0x00007fffd06dc000 	C:\WINDOWS\System32\netutils.dll
0x00007fffb6c20000 - 0x00007fffb6c76000 	C:\Windows\System32\dlnashext.dll
0x00007fffbc560000 - 0x00007fffbc5c4000 	C:\Windows\System32\PlayToDevice.dll
0x00007fffcc5a0000 - 0x00007fffcc5c0000 	C:\Windows\System32\DevDispItemProvider.dll
0x00007fffcbb10000 - 0x00007fffcbb95000 	C:\WINDOWS\System32\MMDevApi.dll
0x00007fffd0ee0000 - 0x00007fffd0f13000 	C:\WINDOWS\System32\DEVOBJ.dll
0x00007fffb29d0000 - 0x00007fffb2a71000 	C:\WINDOWS\system32\wpdshext.dll
0x00007fffc8490000 - 0x00007fffc8637000 	C:\WINDOWS\WinSxS\amd64_microsoft.windows.gdiplus_6595b64144ccf1df_1.1.19041.5915_none_919facb6cc8c4195\gdiplus.dll
0x00007fff951e0000 - 0x00007fff95283000 	C:\Windows\System32\PortableDeviceApi.dll
0x00007fffd2e10000 - 0x00007fffd3280000 	C:\WINDOWS\System32\SETUPAPI.dll
0x00007fffd1320000 - 0x00007fffd1393000 	C:\WINDOWS\System32\WINTRUST.dll
0x00007fffd13a0000 - 0x00007fffd14fd000 	C:\WINDOWS\System32\CRYPT32.dll
0x00007fffd0d10000 - 0x00007fffd0d22000 	C:\WINDOWS\System32\MSASN1.dll
0x00007fff95d50000 - 0x00007fff95d82000 	C:\Windows\System32\PortableDeviceTypes.dll
0x00007fffc8ae0000 - 0x00007fffc8b17000 	C:\Windows\System32\EhStorShell.dll
0x00007fffc7b20000 - 0x00007fffc7b46000 	C:\Windows\System32\EhStorAPI.dll
0x00007fffcc140000 - 0x00007fffcc154000 	C:\Windows\System32\WTSAPI32.dll
0x00007fffcc560000 - 0x00007fffcc56d000 	C:\WINDOWS\SYSTEM32\LINKINFO.dll
0x00007fffc2fb0000 - 0x00007fffc326f000 	C:\WINDOWS\SYSTEM32\iertutil.dll
0x00007fffc7d90000 - 0x00007fffc7db8000 	C:\WINDOWS\SYSTEM32\srvcli.dll
0x00007fffca850000 - 0x00007fffca886000 	C:\WINDOWS\SYSTEM32\XmlLite.dll
0x00007fffc96d0000 - 0x00007fffc98c0000 	C:\Windows\System32\urlmon.dll
0x00007fffb84e0000 - 0x00007fffb8543000 	C:\WINDOWS\system32\mssvp.dll
0x00007fffd34d0000 - 0x00007fffd3549000 	C:\WINDOWS\System32\coml2.dll
0x00007fffcbd50000 - 0x00007fffcbdf1000 	C:\WINDOWS\system32\policymanager.dll
0x00007fffd0290000 - 0x00007fffd031a000 	C:\WINDOWS\system32\msvcp110_win.dll
0x00007fffb2780000 - 0x00007fffb2811000 	C:\WINDOWS\System32\netshell.dll
0x00007fffd05c0000 - 0x00007fffd05fb000 	C:\WINDOWS\System32\IPHLPAPI.DLL
0x00007fffcc400000 - 0x00007fffcc41d000 	C:\WINDOWS\System32\nlaapi.dll
0x00007fffc2060000 - 0x00007fffc2086000 	C:\WINDOWS\System32\NetSetupApi.dll
0x00007fff9f6e0000 - 0x00007fff9f71e000 	C:\WINDOWS\system32\prnfldr.dll
0x00007fff95020000 - 0x00007fff950a3000 	C:\WINDOWS\System32\SyncCenter.dll
0x00007fffb15e0000 - 0x00007fffb1678000 	C:\WINDOWS\System32\appwiz.cpl
0x00007fffcb440000 - 0x00007fffcb44b000 	C:\WINDOWS\System32\osbaseln.dll
0x00007fff71200000 - 0x00007fff71295000 	C:\WINDOWS\System32\DUser.dll
0x00007fffbf410000 - 0x00007fffbf74c000 	C:\WINDOWS\System32\msi.dll
0x00007fffcc470000 - 0x00007fffcc480000 	C:\Program Files\BellSoft\LibericaJDK-17\bin\verify.dll
0x00007fffa5510000 - 0x00007fffa55a4000 	C:\Windows\System32\appresolver.dll
0x00007fffd10c0000 - 0x00007fffd10ee000 	C:\Windows\System32\USERENV.dll
0x00007fffcfd30000 - 0x00007fffcfd59000 	C:\Windows\System32\SLC.dll
0x00007fffb8150000 - 0x00007fffb81ab000 	C:\Windows\System32\Bcp47Langs.dll
0x00007fffcfd00000 - 0x00007fffcfd25000 	C:\Windows\System32\sppc.dll
0x00007fffae610000 - 0x00007fffae68d000 	C:\WINDOWS\SYSTEM32\ntshrui.dll
0x00007fffaec10000 - 0x00007fffaec41000 	C:\WINDOWS\System32\IDStore.dll
0x00007fffc3a70000 - 0x00007fffc3a97000 	C:\WINDOWS\System32\SAMLIB.dll
0x00007fffa7610000 - 0x00007fffa76ba000 	C:\WINDOWS\System32\wlidprov.dll
0x00007fffc79b0000 - 0x00007fffc79c9000 	C:\WINDOWS\System32\samcli.dll
0x00007fffb2950000 - 0x00007fffb29cd000 	C:\WINDOWS\System32\provsvc.dll
0x00007fffb1ef0000 - 0x00007fffb1f5a000 	C:\WINDOWS\system32\SearchFolder.dll
0x00007fffc0ee0000 - 0x00007fffc0fa7000 	C:\WINDOWS\SYSTEM32\windows.storage.search.dll
0x00007fffb90f0000 - 0x00007fffb9236000 	C:\Windows\System32\Windows.StateRepositoryPS.dll
0x00007fffc8c90000 - 0x00007fffc8eef000 	C:\Windows\System32\msxml6.dll
0x00007fffd0f50000 - 0x00007fffd0ff2000 	C:\WINDOWS\SYSTEM32\sxs.dll
0x00007fff85b10000 - 0x00007fff8627b000 	C:\Windows\System32\ieframe.dll
0x00007fffcc420000 - 0x00007fffcc439000 	C:\Windows\System32\NETAPI32.dll

dbghelp: loaded successfully - version: 4.0.5 - missing functions: none
symbol engine: initialized successfully - sym options: 0x614 - pdb path: .;C:\Program Files\BellSoft\LibericaJDK-17\bin;C:\WINDOWS\SYSTEM32;C:\WINDOWS\WinSxS\amd64_microsoft.windows.common-controls_6595b64144ccf1df_6.0.19041.5915_none_60b4b9d171f9c7c7;C:\Program Files\BellSoft\LibericaJDK-17\bin\server;C:\WINDOWS\WinSxS\amd64_microsoft.windows.common-controls_6595b64144ccf1df_5.82.19041.5915_none_793527b5243cb406;C:\WINDOWS\WinSxS\amd64_microsoft.windows.gdiplus_6595b64144ccf1df_1.1.19041.5915_none_919facb6cc8c4195;C:\Program Files\BellSoft\LibericaJDK-15-Full\bin

VM Arguments:
jvm_args: -Dfile.encoding=UTF-8 
java_command: simrskhanza.SIMRSKhanza
java_class_path (initial): D:\IBS\rsud\lib\commons-codec-1.10.jar;D:\IBS\rsud\lib\calendar-src.jar;D:\IBS\rsud\lib\calendar-doc.jar;D:\IBS\rsud\lib\calendar.jar;D:\IBS\rsud\lib\jcalendar-1.4.jar;D:\IBS\rsud\lib\ant-1.7.1.jar;D:\IBS\rsud\lib\apache-httpcomponents-httpclient.jar;D:\IBS\rsud\lib\appframework-1.0.3.jar;D:\IBS\rsud\lib\barbecue-1.5-beta1.jar;D:\IBS\rsud\lib\batik-dom.jar;D:\IBS\rsud\lib\groovy-all-2.4.7.jar;D:\IBS\rsud\lib\bcel-5.2.jar;D:\IBS\rsud\lib\bcprov-jdk15on-154.jar;D:\IBS\rsud\lib\poi-4.1.0.jar;D:\IBS\rsud\lib\beansbinding-1.2.1.jar;D:\IBS\rsud\lib\bsh-2.0b4.jar;D:\IBS\rsud\lib\com-jaspersoft-ireport.jar;D:\IBS\rsud\lib\com.fasterxml.jackson.core.jar;D:\IBS\rsud\lib\comm.jar;D:\IBS\rsud\lib\common-javaFX-plugin.jar;D:\IBS\rsud\lib\commons-javaflow-20060411.jar;D:\IBS\rsud\lib\commons-logging-1.2.jar;D:\IBS\rsud\lib\fluent-hc-4.5.1.jar;D:\IBS\rsud\lib\fontbox-2.0.13.jar;D:\IBS\rsud\lib\gson-2.2.2.jar;D:\IBS\rsud\lib\hibernate3.jar;D:\IBS\rsud\lib\hsqldb-1.8.0-10.jar;D:\IBS\rsud\lib\httpclient-4.5.1.jar;D:\IBS\rsud\lib\httpclient-cache-4.5.1.jar;D:\IBS\rsud\lib\httpclient-win-4.5.1.jar;D:\IBS\rsud\lib\httpcore-4.4.3.jar;D:\IBS\rsud\lib\httpmime-4.5.1.jar;D:\IBS\rsud\lib\iReport.jar;D:\IBS\rsud\lib\jackson-all-1.9.0.jar;D:\IBS\rsud\lib\java-json.jar;D:\IBS\rsud\lib\javaFX-jps-plugin.jar;D:\IBS\rsud\lib\javaFX.jar;D:\IBS\rsud\lib\jaxen-1.1.1.jar;D:\IBS\rsud\lib\jcommon-1.0.15.jar;D:\IBS\rsud\lib\jdt-compiler-3.1.1.jar;D:\IBS\rsud\lib\jfreechart-1.0.12.jar;D:\IBS\rsud\lib\jl1.0.jar;D:\IBS\rsud\lib\jna-4.1.0.jar;D:\IBS\rsud\lib\jna-platform-4.1.0.jar;D:\IBS\rsud\lib\jpa.jar;D:\IBS\rsud\lib\junit-4.12.jar;D:\IBS\rsud\lib\KhanzaSecurity16bit.jar;D:\IBS\rsud\lib\log4j-1.2.15.jar;D:\IBS\rsud\lib\mondrian-3.1.1.12687.jar;D:\IBS\rsud\lib\org-apache-commons-codec.jar;D:\IBS\rsud\lib\org.apache.commons.httpclient.jar;D:\IBS\rsud\lib\org.springframework.core-3.2.0.RELEASE.jar;D:\IBS\rsud\lib\org.springframework.web-3.1.0.M2.jar;D:\IBS\rsud\lib\pdfbox-2.0.13.
Launcher Type: SUN_STANDARD

[Global flags]
     intx CICompilerCount                          = 4                                         {product} {ergonomic}
     uint ConcGCThreads                            = 2                                         {product} {ergonomic}
     uint G1ConcRefinementThreads                  = 8                                         {product} {ergonomic}
   size_t G1HeapRegionSize                         = 2097152                                   {product} {ergonomic}
    uintx GCDrainStackTargetSize                   = 64                                        {product} {ergonomic}
   size_t InitialHeapSize                          = 167772160                                 {product} {ergonomic}
   size_t MarkStackSize                            = 4194304                                   {product} {ergonomic}
   size_t MaxHeapSize                              = 2654994432                                {product} {ergonomic}
   size_t MaxNewSize                               = 1591738368                                {product} {ergonomic}
   size_t MinHeapDeltaBytes                        = 2097152                                   {product} {ergonomic}
   size_t MinHeapSize                              = 8388608                                   {product} {ergonomic}
    uintx NonNMethodCodeHeapSize                   = 5839372                                {pd product} {ergonomic}
    uintx NonProfiledCodeHeapSize                  = 122909434                              {pd product} {ergonomic}
    uintx ProfiledCodeHeapSize                     = 122909434                              {pd product} {ergonomic}
    uintx ReservedCodeCacheSize                    = 251658240                              {pd product} {ergonomic}
     bool SegmentedCodeCache                       = true                                      {product} {ergonomic}
   size_t SoftMaxHeapSize                          = 2654994432                             {manageable} {ergonomic}
     bool UseCompressedClassPointers               = true                           {product lp64_product} {ergonomic}
     bool UseCompressedOops                        = true                           {product lp64_product} {ergonomic}
     bool UseG1GC                                  = true                                      {product} {ergonomic}
     bool UseLargePagesIndividualAllocation        = false                                  {pd product} {ergonomic}

Logging:
Log output configuration:
 #0: stdout all=warning uptime,level,tags
 #1: stderr all=off uptime,level,tags

Environment Variables:
JAVA_HOME=C:\Program Files\BellSoft\LibericaJDK-15-Full\
PATH=C:\Program Files\BellSoft\LibericaJDK-15-Full\bin\;C:\Program Files\Common Files\Microsoft Shared\Windows Live;C:\Program Files (x86)\Common Files\Microsoft Shared\Windows Live;C:\Program Files (x86)\Intel\iCLS Client\;C:\Program Files\Intel\iCLS Client\;C:\Windows\system32;C:\Windows;C:\Windows\System32\Wbem;C:\Windows\System32\WindowsPowerShell\v1.0\;C:\Program Files\Intel\Intel(R) Management Engine Components\DAL;C:\Program Files\Intel\Intel(R) Management Engine Components\IPT;C:\Program Files (x86)\Intel\Intel(R) Management Engine Components\DAL;C:\Program Files (x86)\Intel\Intel(R) Management Engine Components\IPT;C:\Users\windows\AppData\Local\atom\bin;C:\adb;E:\xampp2\php;C:\xampp\php;C:\ProgramData\ComposerSetup\bin;C:\Program Files (x86)\Windows Live\Shared;C:\Program Files\PuTTY\;C:\Program Files\Git\cmd;C:\WINDOWS\system32;C:\WINDOWS;C:\WINDOWS\System32\Wbem;C:\WINDOWS\System32\WindowsPowerShell\v1.0\;C:\WINDOWS\System32\OpenSSH\;E:\apache-ant-1.10.15\bin;C:\Program Files\BellSoft\LibericaJDK-15-Full\\bin;C:\Users\windows\AppData\Local\atom\bin;C:\Users\windows\AppData\Roaming\Composer\vendor\bin;C:\Users\windows\AppData\Local\Microsoft\WindowsApps;C:\Users\windows\AppData\Local\Programs\Microsoft VS Code\bin;E:\apache-ant-1.10.15\bin;
USERNAME=windows
OS=Windows_NT
PROCESSOR_IDENTIFIER=Intel64 Family 6 Model 58 Stepping 9, GenuineIntel
TMP=C:\Users\windows\AppData\Local\Temp
TEMP=C:\Users\windows\AppData\Local\Temp



Periodic native trim disabled


---------------  S Y S T E M  ---------------

OS:
 Windows 10 , 64 bit Build 19041 (10.0.19041.5915)
OS uptime: 0 days 5:48 hours

CPU: total 8 (initial active 8) (4 cores per cpu, 2 threads per core) family 6 model 58 stepping 9 microcode 0x21, cx8, cmov, fxsr, ht, mmx, sse, sse2, sse3, ssse3, sse4.1, sse4.2, popcnt, tsc, tscinvbit, avx, aes, erms, clmul, vzeroupper, clflush
Processor Information for all 8 processors :
  Max Mhz: 3401, Current Mhz: 3401, Mhz Limit: 3401

Memory: 4k page, system-wide physical 10123M (1606M free)
TotalPageFile size 20363M (AvailPageFile size 9273M)
current process WorkingSet (physical memory assigned to process): 342M, peak: 344M
current process commit charge ("private bytes"): 385M, peak: 395M

vm_info: OpenJDK 64-Bit Server VM (17.0.9+11-LTS) for windows-amd64 JRE (17.0.9+11-LTS), built on Oct 17 2023 19:37:59 by "" with MS VC++ 17.1 (VS2022)

END.
